<?xml version="1.0" encoding="utf-8"?><testsuites name="pytest tests"><testsuite name="pytest" errors="0" failures="0" skipped="0" tests="15" time="2.300" timestamp="2026-03-17T07:12:24.965109+00:00" hostname="agent-env-f2e5e323-cd24-4bfc-a313-ed92d6305e33"><testcase classname="tests.test_iteration61_refinements.TestRefinement1KeyMetrics" name="test_key_metrics_field_exists" time="0.601" /><testcase classname="tests.test_iteration61_refinements.TestRefinement1KeyMetrics" name="test_key_metrics_has_completeness" time="0.141" /><testcase classname="tests.test_iteration61_refinements.TestRefinement1KeyMetrics" name="test_key_metrics_has_quality" time="0.099" /><testcase classname="tests.test_iteration61_refinements.TestRefinement1KeyMetrics" name="test_key_metrics_has_coherence" time="0.099" /><testcase classname="tests.test_iteration61_refinements.TestRefinement1KeyMetrics" name="test_score_breakdown_includes_coherence" time="0.110" /><testcase classname="tests.test_iteration61_refinements.TestRefinement3PriorityBadgesMax3" name="test_recommended_actions_max_3" time="0.100" /><testcase classname="tests.test_iteration61_refinements.TestRefinement3PriorityBadgesMax3" name="test_each_action_has_priority_level" time="0.106" /><testcase classname="tests.test_iteration61_refinements.TestRefinement3PriorityBadgesMax3" name="test_priority_level_valid_values" time="0.128" /><testcase classname="tests.test_iteration61_refinements.TestRefinement3PriorityBadgesMax3" name="test_actions_priority_ordering" time="0.164" /><testcase classname="tests.test_iteration61_refinements.TestRegressionPhase1Phase2Phase3" name="test_score_field_exists" time="0.100" /><testcase classname="tests.test_iteration61_refinements.TestRegressionPhase1Phase2Phase3" name="test_weak_points_exist" time="0.114" /><testcase classname="tests.test_iteration61_refinements.TestRegressionPhase1Phase2Phase3" name="test_risk_alerts_exist" time="0.139" /><testcase classname="tests.test_iteration61_refinements.TestRegressionPhase1Phase2Phase3" name="test_predictions_exist" time="0.112" /><testcase classname="tests.test_iteration61_refinements.TestRegressionPhase1Phase2Phase3" name="test_premium_cta_exists" time="0.104" /><testcase classname="tests.test_iteration61_refinements.TestRegressionPhase1Phase2Phase3" name="test_dynamic_message_exists" time="0.098" /></testsuite></testsuites>