<?xml version="1.0" encoding="utf-8"?><testsuites name="pytest tests"><testsuite name="pytest" errors="0" failures="0" skipped="1" tests="12" time="4.216" timestamp="2026-03-27T10:37:01.965550+00:00" hostname="agent-env-1b4f5c52-c3b3-455e-ba60-771b4abdd9ac"><testcase classname="tests.test_conversion_roi.TestConversionROI" name="test_01_admin_login" time="0.459" /><testcase classname="tests.test_conversion_roi.TestConversionROI" name="test_02_get_stats_returns_converti_and_revenue" time="0.420" /><testcase classname="tests.test_conversion_roi.TestConversionROI" name="test_03_create_test_contact_for_conversion" time="0.133" /><testcase classname="tests.test_conversion_roi.TestConversionROI" name="test_04_patch_contact_with_conversion_fields" time="0.431" /><testcase classname="tests.test_conversion_roi.TestConversionROI" name="test_05_get_contact_shows_conversion_data" time="0.399" /><testcase classname="tests.test_conversion_roi.TestConversionROI" name="test_06_stats_include_converted_contact" time="0.415" /><testcase classname="tests.test_conversion_roi.TestConversionROI" name="test_07_conversion_analytics_returns_channels" time="0.412" /><testcase classname="tests.test_conversion_roi.TestConversionROI" name="test_08_conversion_analytics_channels_have_revenue" time="0.401" /><testcase classname="tests.test_conversion_roi.TestConversionROI" name="test_09_conversion_analytics_prestations_array" time="0.409" /><testcase classname="tests.test_conversion_roi.TestConversionROI" name="test_10_conversion_analytics_7d_period" time="0.446" /><testcase classname="tests.test_conversion_roi.TestConversionROI" name="test_11_homepage_loads" time="0.115" /><testcase classname="tests.test_conversion_roi.TestConversionROI" name="test_12_cleanup_test_contact" time="0.135"><skipped type="pytest.skip" message="Authentication failed - skipping authenticated tests">/app/backend/tests/test_conversion_roi.py:43: Authentication failed - skipping authenticated tests</skipped></testcase></testsuite></testsuites>