<?xml version="1.0" encoding="utf-8"?><testsuites name="pytest tests"><testsuite name="pytest" errors="0" failures="0" skipped="0" tests="14" time="18.351" timestamp="2026-03-14T06:57:22.684483+00:00" hostname="agent-env-14f85d70-2baf-4b29-8d7c-3441c4308ec4"><testcase classname="backend.tests.test_iteration24.TestDossierExpressWeeklyCount" name="test_weekly_count_returns_count_and_period" time="0.147" /><testcase classname="backend.tests.test_iteration24.TestHealthCheck" name="test_health_returns_healthy" time="0.102" /><testcase classname="backend.tests.test_iteration24.TestVisitorCounter" name="test_visitor_count_endpoint" time="0.102" /><testcase classname="backend.tests.test_iteration24.TestVisitorCounter" name="test_visitor_increment_endpoint" time="0.099" /><testcase classname="backend.tests.test_iteration24.TestStrategiIA" name="test_analyze_without_email" time="16.642" /><testcase classname="backend.tests.test_iteration24.TestStrategiIA" name="test_analyze_requires_situation" time="0.122" /><testcase classname="backend.tests.test_iteration24.TestStrategiIA" name="test_register_email_valid" time="0.102" /><testcase classname="backend.tests.test_iteration24.TestStrategiIA" name="test_register_email_invalid" time="0.128" /><testcase classname="backend.tests.test_iteration24.TestStrategiIA" name="test_quota_endpoint" time="0.104" /><testcase classname="backend.tests.test_iteration24.TestAdminLogin" name="test_admin_login_success" time="0.325" /><testcase classname="backend.tests.test_iteration24.TestAdminLogin" name="test_admin_login_invalid_credentials" time="0.100" /><testcase classname="backend.tests.test_iteration24.TestPublicAPIs" name="test_faq_endpoint" time="0.102" /><testcase classname="backend.tests.test_iteration24.TestPublicAPIs" name="test_avis_endpoint" time="0.105" /><testcase classname="backend.tests.test_iteration24.TestPublicAPIs" name="test_forum_categories" time="0.102" /></testsuite></testsuites>