<?xml version="1.0" encoding="utf-8"?><testsuites name="pytest tests"><testsuite name="pytest" errors="0" failures="0" skipped="0" tests="9" time="54.684" timestamp="2026-03-26T15:22:56.097912+00:00" hostname="agent-env-1b4f5c52-c3b3-455e-ba60-771b4abdd9ac"><testcase classname="tests.test_dossier_express_bugfix.TestDossierExpressBugFix" name="test_health_endpoint_available" time="0.250" /><testcase classname="tests.test_dossier_express_bugfix.TestDossierExpressBugFix" name="test_admin_bypass_returns_immediately" time="0.487" /><testcase classname="tests.test_dossier_express_bugfix.TestDossierExpressBugFix" name="test_status_endpoint_returns_processing" time="0.342" /><testcase classname="tests.test_dossier_express_bugfix.TestDossierExpressBugFix" name="test_health_responds_during_llm_processing" time="2.021" /><testcase classname="tests.test_dossier_express_bugfix.TestDossierExpressBugFix" name="test_status_polling_until_completed" time="50.121" /><testcase classname="tests.test_dossier_express_bugfix.TestDossierExpressBugFix" name="test_admin_bypass_requires_auth" time="0.123" /><testcase classname="tests.test_dossier_express_bugfix.TestDossierExpressBugFix" name="test_admin_bypass_requires_situation" time="0.420" /><testcase classname="tests.test_dossier_express_bugfix.TestDossierExpressBugFix" name="test_status_endpoint_404_for_invalid_id" time="0.105" /><testcase classname="tests.test_dossier_express_bugfix.TestConcurrentHealthCheck" name="test_concurrent_health_during_llm" time="0.782" /></testsuite></testsuites>