<?xml version="1.0" encoding="utf-8"?><testsuites name="pytest tests"><testsuite name="pytest" errors="0" failures="0" skipped="0" tests="17" time="4.278" timestamp="2026-03-27T20:43:44.488888+00:00" hostname="agent-env-1b4f5c52-c3b3-455e-ba60-771b4abdd9ac"><testcase classname="tests.test_human_review_workflow.TestAdminAuth" name="test_admin_login_success" time="0.419" /><testcase classname="tests.test_human_review_workflow.TestOriginalDocumentsEndpoint" name="test_get_original_documents_success" time="0.507" /><testcase classname="tests.test_human_review_workflow.TestOriginalDocumentsEndpoint" name="test_get_original_documents_not_found" time="0.129" /><testcase classname="tests.test_human_review_workflow.TestOriginalDocumentsEndpoint" name="test_get_original_documents_no_auth" time="0.126" /><testcase classname="tests.test_human_review_workflow.TestDocumentDownloadEndpoint" name="test_download_document_fake_storage_path" time="0.460" /><testcase classname="tests.test_human_review_workflow.TestDocumentDownloadEndpoint" name="test_download_document_not_found" time="0.136" /><testcase classname="tests.test_human_review_workflow.TestDocumentDownloadEndpoint" name="test_download_document_dossier_not_found" time="0.148" /><testcase classname="tests.test_human_review_workflow.TestDocumentDownloadEndpoint" name="test_download_document_no_auth" time="0.128" /><testcase classname="tests.test_human_review_workflow.TestUpdateAnalysisEndpoint" name="test_update_analysis_success" time="0.270" /><testcase classname="tests.test_human_review_workflow.TestUpdateAnalysisEndpoint" name="test_update_analysis_empty_fails" time="0.115" /><testcase classname="tests.test_human_review_workflow.TestUpdateAnalysisEndpoint" name="test_update_analysis_not_found" time="0.556" /><testcase classname="tests.test_human_review_workflow.TestUpdateAnalysisEndpoint" name="test_update_analysis_no_auth" time="0.115" /><testcase classname="tests.test_human_review_workflow.TestRegeneratePdfEndpoint" name="test_regenerate_pdf_success" time="0.672" /><testcase classname="tests.test_human_review_workflow.TestRegeneratePdfEndpoint" name="test_regenerate_pdf_not_found" time="0.122" /><testcase classname="tests.test_human_review_workflow.TestRegeneratePdfEndpoint" name="test_regenerate_pdf_no_auth" time="0.108" /><testcase classname="tests.test_human_review_workflow.TestGetDossierAnalysis" name="test_get_dossier_has_human_reviewed_field" time="0.110" /><testcase classname="tests.test_human_review_workflow.TestGetDossierAnalysis" name="test_get_dossier_not_found" time="0.117" /></testsuite></testsuites>