<?xml version="1.0" encoding="utf-8"?><testsuites name="pytest tests"><testsuite name="pytest" errors="0" failures="0" skipped="0" tests="21" time="4.059" timestamp="2026-03-17T07:00:04.210621+00:00" hostname="agent-env-f2e5e323-cd24-4bfc-a313-ed92d6305e33"><testcase classname="tests.test_strategiia_phase2_phase3.TestPhase2RecommendedActions" name="test_recommended_actions_field_exists" time="0.587" /><testcase classname="tests.test_strategiia_phase2_phase3.TestPhase2RecommendedActions" name="test_recommended_actions_structure" time="0.108" /><testcase classname="tests.test_strategiia_phase2_phase3.TestPhase2RecommendedActions" name="test_recommended_actions_priority_ordering" time="0.117" /><testcase classname="tests.test_strategiia_phase2_phase3.TestPhase2RecommendedActions" name="test_recommended_action_cta_targets" time="0.141" /><testcase classname="tests.test_strategiia_phase2_phase3.TestPhase2RecommendedActions" name="test_first_action_is_upload_for_no_docs_user" time="0.110" /><testcase classname="tests.test_strategiia_phase2_phase3.TestPhase2RecommendedActions" name="test_impact_badges_format" time="0.118" /><testcase classname="tests.test_strategiia_phase2_phase3.TestPhase3Predictions" name="test_predictions_field_exists" time="0.445" /><testcase classname="tests.test_strategiia_phase2_phase3.TestPhase3Predictions" name="test_predictions_structure" time="0.108" /><testcase classname="tests.test_strategiia_phase2_phase3.TestPhase3Predictions" name="test_predictions_probability_values" time="0.105" /><testcase classname="tests.test_strategiia_phase2_phase3.TestPhase3Predictions" name="test_predictions_based_on_missing_docs" time="0.152" /><testcase classname="tests.test_strategiia_phase2_phase3.TestPhase3PremiumCTA" name="test_premium_cta_field_exists" time="0.434" /><testcase classname="tests.test_strategiia_phase2_phase3.TestPhase3PremiumCTA" name="test_premium_cta_structure" time="0.106" /><testcase classname="tests.test_strategiia_phase2_phase3.TestPhase3PremiumCTA" name="test_premium_cta_show_logic" time="0.135" /><testcase classname="tests.test_strategiia_phase2_phase3.TestPhase3PremiumCTA" name="test_premium_cta_score_context_contains_score" time="0.145" /><testcase classname="tests.test_strategiia_phase2_phase3.TestPhase3PremiumCTA" name="test_premium_cta_features_list_not_empty" time="0.147" /><testcase classname="tests.test_strategiia_phase2_phase3.TestPhase1Regression" name="test_score_field_exists" time="0.440" /><testcase classname="tests.test_strategiia_phase2_phase3.TestPhase1Regression" name="test_weak_points_exist" time="0.107" /><testcase classname="tests.test_strategiia_phase2_phase3.TestPhase1Regression" name="test_risk_alerts_exist" time="0.117" /><testcase classname="tests.test_strategiia_phase2_phase3.TestPhase1Regression" name="test_dynamic_message_exists" time="0.105" /><testcase classname="tests.test_strategiia_phase2_phase3.TestPhase1Regression" name="test_missing_documents_exist" time="0.106" /><testcase classname="tests.test_strategiia_phase2_phase3.TestPhase1Regression" name="test_actionable_count_exists" time="0.107" /></testsuite></testsuites>