<?xml version="1.0" encoding="utf-8"?><testsuites name="pytest tests"><testsuite name="pytest" errors="0" failures="0" skipped="0" tests="21" time="10.676" timestamp="2026-03-16T19:36:32.466813+00:00" hostname="agent-env-b248fd9e-246e-45a0-a9c1-5a6aa6777ac4"><testcase classname="tests.test_email_templates.TestEmailTemplates" name="test_seed_default_templates" time="0.616" /><testcase classname="tests.test_email_templates.TestEmailTemplates" name="test_list_email_templates" time="0.491" /><testcase classname="tests.test_email_templates.TestEmailTemplates" name="test_list_templates_has_defaults" time="0.498" /><testcase classname="tests.test_email_templates.TestEmailTemplates" name="test_create_new_template" time="0.496" /><testcase classname="tests.test_email_templates.TestEmailTemplates" name="test_update_template" time="0.739" /><testcase classname="tests.test_email_templates.TestEmailTemplates" name="test_duplicate_template" time="0.660" /><testcase classname="tests.test_email_templates.TestEmailTemplates" name="test_delete_template" time="0.645" /><testcase classname="tests.test_email_templates.TestEmailTemplates" name="test_preview_template" time="0.429" /><testcase classname="tests.test_email_templates.TestEmailTemplates" name="test_update_nonexistent_template" time="0.539" /><testcase classname="tests.test_email_templates.TestEmailTemplates" name="test_delete_nonexistent_template" time="0.487" /><testcase classname="tests.test_email_templates.TestEmailTemplates" name="test_duplicate_nonexistent_template" time="0.456" /><testcase classname="tests.test_email_templates.TestDynamicTemplateVariables" name="test_get_template_variables_endpoint" time="0.435" /><testcase classname="tests.test_email_templates.TestDynamicTemplateVariables" name="test_variables_have_correct_samples" time="0.462" /><testcase classname="tests.test_email_templates.TestDynamicTemplateVariables" name="test_preview_resolves_prenom_variable" time="0.419" /><testcase classname="tests.test_email_templates.TestDynamicTemplateVariables" name="test_preview_resolves_completeness_variable" time="0.426" /><testcase classname="tests.test_email_templates.TestDynamicTemplateVariables" name="test_preview_resolves_nom_variable" time="0.473" /><testcase classname="tests.test_email_templates.TestDynamicTemplateVariables" name="test_preview_resolves_documents_missing_variable" time="0.422" /><testcase classname="tests.test_email_templates.TestDynamicTemplateVariables" name="test_preview_resolves_date_inscription_variable" time="0.544" /><testcase classname="tests.test_email_templates.TestDynamicTemplateVariables" name="test_preview_resolves_multiple_variables_in_subject" time="0.424" /><testcase classname="tests.test_email_templates.TestDynamicTemplateVariables" name="test_preview_custom_prenom_overrides_sample" time="0.446" /><testcase classname="tests.test_email_templates.TestDynamicTemplateVariables" name="test_preview_custom_completeness_overrides_sample" time="0.466" /></testsuite></testsuites>