<?xml version="1.0" encoding="utf-8"?><testsuites name="pytest tests"><testsuite name="pytest" errors="0" failures="0" skipped="0" tests="7" time="7.673" timestamp="2026-03-15T12:21:00.770047+00:00" hostname="agent-env-ba9b0055-b25d-4ae2-ac9a-5600d5ab1c2e"><testcase classname="tests.test_ocr_auto_pipeline.TestExtractFieldsWithAI" name="test_extract_fields_ai_returns_enhanced_true" time="1.548" /><testcase classname="tests.test_ocr_auto_pipeline.TestExtractFieldsWithAI" name="test_extract_fields_without_ai_returns_regex" time="0.131" /><testcase classname="tests.test_ocr_auto_pipeline.TestExtractFieldsAIEndpoint" name="test_extract_fields_ai_returns_structured_json" time="1.837" /><testcase classname="tests.test_ocr_auto_pipeline.TestExtractFieldsAIEndpoint" name="test_extract_fields_ai_empty_text" time="0.114" /><testcase classname="tests.test_ocr_auto_pipeline.TestClientDocumentsAutoExtract" name="test_upload_document_without_ocr_fields_triggers_ai" time="1.978" /><testcase classname="tests.test_ocr_auto_pipeline.TestClientDocumentsAutoExtract" name="test_upload_document_with_ocr_fields_skips_ai" time="0.352" /><testcase classname="tests.test_ocr_auto_pipeline.TestOCRPipelineIntegration" name="test_full_pipeline_tesseract_to_gpt4o" time="1.686" /></testsuite></testsuites>