<?xml version="1.0" encoding="utf-8"?><testsuites name="pytest tests"><testsuite name="pytest" errors="0" failures="0" skipped="0" tests="18" time="2.447" timestamp="2026-03-27T09:50:34.364780+00:00" hostname="agent-env-1b4f5c52-c3b3-455e-ba60-771b4abdd9ac"><testcase classname="tests.test_pdf_qr_code.TestPDFQRCodeGeneration" name="test_qrcode_library_installed" time="0.016" /><testcase classname="tests.test_pdf_qr_code.TestPDFQRCodeGeneration" name="test_pdf_generation_with_qr_code" time="0.201" /><testcase classname="tests.test_pdf_qr_code.TestPDFQRCodeGeneration" name="test_pdf_contains_qr_code_image" time="0.072" /><testcase classname="tests.test_pdf_qr_code.TestPDFQRCodeGeneration" name="test_pdf_contains_qr_label_text" time="0.054" /><testcase classname="tests.test_pdf_qr_code.TestPDFQRCodeGeneration" name="test_pdf_contains_qr_description" time="0.114" /><testcase classname="tests.test_pdf_qr_code.TestPDFQRCodeGeneration" name="test_pdf_contains_text_link_fallback" time="0.053" /><testcase classname="tests.test_pdf_qr_code.TestPDFQRCodeGeneration" name="test_pdf_contains_et_maintenant_section" time="0.054" /><testcase classname="tests.test_pdf_qr_code.TestPDFQRCodeGeneration" name="test_pdf_contains_signature_votre_bouclier" time="0.055" /><testcase classname="tests.test_pdf_qr_code.TestPDFWithDocumentDetails" name="test_pdf_with_document_details_generates_correctly" time="0.063" /><testcase classname="tests.test_pdf_qr_code.TestPDFWithDocumentDetails" name="test_pdf_without_document_details_generates_correctly" time="0.054" /><testcase classname="tests.test_pdf_qr_code.TestQRCodeURL" name="test_qr_url_constant_in_pdf_module" time="0.000" /><testcase classname="tests.test_pdf_qr_code.TestQRCodeURL" name="test_qr_code_colors_in_pdf_module" time="0.000" /><testcase classname="tests.test_pdf_qr_code.TestDownloadEndpoint" name="test_download_endpoint_returns_400_without_token" time="0.143" /><testcase classname="tests.test_pdf_qr_code.TestDownloadEndpoint" name="test_download_endpoint_returns_404_with_invalid_token" time="0.119" /><testcase classname="tests.test_pdf_qr_code.TestAdminEndpoints" name="test_admin_login_works" time="0.348" /><testcase classname="tests.test_pdf_qr_code.TestAdminEndpoints" name="test_conseils_api_works" time="0.152" /><testcase classname="tests.test_pdf_qr_code.TestAdminEndpoints" name="test_admin_pdf_preview_returns_200" time="0.786" /><testcase classname="tests.test_pdf_qr_code.TestHomepageLoads" name="test_homepage_loads" time="0.123" /></testsuite></testsuites>