<?xml version="1.0" encoding="utf-8"?><testsuites name="pytest tests"><testsuite name="pytest" errors="0" failures="0" skipped="0" tests="18" time="4.957" timestamp="2026-03-15T08:53:41.634804+00:00" hostname="agent-env-6a6d10f2-3c37-493a-84d1-f63c2f60894a"><testcase classname="backend.tests.test_notification_system.TestNotificationSystem" name="test_register_client_with_notification_preferences" time="0.890" /><testcase classname="backend.tests.test_notification_system.TestNotificationSystem" name="test_get_notification_settings_requires_auth" time="0.105" /><testcase classname="backend.tests.test_notification_system.TestNotificationSystem" name="test_get_notification_settings_with_auth" time="0.437" /><testcase classname="backend.tests.test_notification_system.TestNotificationSystem" name="test_update_notification_settings_requires_auth" time="0.101" /><testcase classname="backend.tests.test_notification_system.TestNotificationSystem" name="test_update_notification_settings_email" time="0.421" /><testcase classname="backend.tests.test_notification_system.TestNotificationSystem" name="test_update_notification_settings_push" time="0.402" /><testcase classname="backend.tests.test_notification_system.TestNotificationSystem" name="test_get_notifications_requires_auth" time="0.138" /><testcase classname="backend.tests.test_notification_system.TestNotificationSystem" name="test_get_notifications_with_auth" time="0.102" /><testcase classname="backend.tests.test_notification_system.TestNotificationSystem" name="test_get_premium_analyses_requires_admin_auth" time="0.140" /><testcase classname="backend.tests.test_notification_system.TestNotificationSystem" name="test_get_premium_analyses" time="0.422" /><testcase classname="backend.tests.test_notification_system.TestNotificationSystem" name="test_notify_premium_requires_admin_auth" time="0.095" /><testcase classname="backend.tests.test_notification_system.TestNotificationSystem" name="test_notify_premium_analysis_not_found" time="0.100" /><testcase classname="backend.tests.test_notification_system.TestNotificationSystem" name="test_notify_premium_analysis" time="0.199" /><testcase classname="backend.tests.test_notification_system.TestNotificationSystem" name="test_update_premium_analysis_status_requires_admin" time="0.098" /><testcase classname="backend.tests.test_notification_system.TestNotificationSystem" name="test_update_premium_analysis_status_invalid" time="0.280" /><testcase classname="backend.tests.test_notification_system.TestNotificationSystem" name="test_update_premium_analysis_to_en_cours" time="0.225" /><testcase classname="backend.tests.test_notification_system.TestNotificationSystem" name="test_update_premium_analysis_to_termine" time="0.210" /><testcase classname="backend.tests.test_notification_system.TestNotificationSystem" name="test_notify_different_types" time="0.509" /></testsuite></testsuites>