<?xml version="1.0" encoding="utf-8"?><testsuites name="pytest tests"><testsuite name="pytest" errors="0" failures="0" skipped="0" tests="12" time="40.198" timestamp="2026-03-27T10:21:42.914435+00:00" hostname="agent-env-1b4f5c52-c3b3-455e-ba60-771b4abdd9ac"><testcase classname="tests.test_tracking_origin_tags.TestAdminAuth" name="test_admin_login_success" time="0.495" /><testcase classname="tests.test_tracking_origin_tags.TestContactsWithTrackingFilters" name="test_get_all_contacts_returns_tracking_fields" time="0.984" /><testcase classname="tests.test_tracking_origin_tags.TestContactsWithTrackingFilters" name="test_filter_contacts_by_via_qr" time="0.124" /><testcase classname="tests.test_tracking_origin_tags.TestContactsWithTrackingFilters" name="test_filter_contacts_by_via_email" time="0.138" /><testcase classname="tests.test_tracking_origin_tags.TestContactsWithTrackingFilters" name="test_filter_contacts_by_source_dossier_express" time="0.123" /><testcase classname="tests.test_tracking_origin_tags.TestContactsWithTrackingFilters" name="test_filter_contacts_by_via_and_source" time="0.126" /><testcase classname="tests.test_tracking_origin_tags.TestContactsWithTrackingFilters" name="test_filter_contacts_by_status_and_via" time="0.122" /><testcase classname="tests.test_tracking_origin_tags.TestContactCreationWithTracking" name="test_create_contact_with_tracking_via_and_source" time="0.402" /><testcase classname="tests.test_tracking_origin_tags.TestContactCreationWithTracking" name="test_create_contact_without_tracking_fields" time="0.362" /><testcase classname="tests.test_tracking_origin_tags.TestConversionAnalytics" name="test_conversion_analytics_endpoint" time="0.149" /><testcase classname="tests.test_tracking_origin_tags.TestHomepageAndAdminDashboard" name="test_homepage_loads" time="35.893" /><testcase classname="tests.test_tracking_origin_tags.TestHomepageAndAdminDashboard" name="test_admin_stats_endpoint" time="1.242" /></testsuite></testsuites>