<?xml version="1.0" encoding="utf-8"?><testsuites name="pytest tests"><testsuite name="pytest" errors="0" failures="0" skipped="0" tests="14" time="3.925" timestamp="2026-03-12T15:49:10.022101+00:00" hostname="agent-env-28e0ead0-8160-4cd2-a46b-a217b1c75d6d"><testcase classname="backend.tests.test_phase8_notifications.TestHealthCheck" name="test_api_health" time="0.198" /><testcase classname="backend.tests.test_phase8_notifications.TestClientNotifications" name="test_get_notifications_requires_auth" time="0.147" /><testcase classname="backend.tests.test_phase8_notifications.TestClientNotifications" name="test_get_notifications_authenticated" time="0.479" /><testcase classname="backend.tests.test_phase8_notifications.TestClientNotifications" name="test_mark_notification_read_requires_auth" time="0.112" /><testcase classname="backend.tests.test_phase8_notifications.TestClientNotifications" name="test_mark_all_notifications_read_requires_auth" time="0.124" /><testcase classname="backend.tests.test_phase8_notifications.TestClientNotifications" name="test_mark_all_notifications_read" time="0.164" /><testcase classname="backend.tests.test_phase8_notifications.TestAdminClientManagement" name="test_get_clients_requires_auth" time="0.126" /><testcase classname="backend.tests.test_phase8_notifications.TestAdminClientManagement" name="test_get_clients_list" time="0.453" /><testcase classname="backend.tests.test_phase8_notifications.TestAdminClientManagement" name="test_create_case_requires_auth" time="0.488" /><testcase classname="backend.tests.test_phase8_notifications.TestAdminClientManagement" name="test_create_case_for_client" time="0.128" /><testcase classname="backend.tests.test_phase8_notifications.TestCaseUpdateNotifications" name="test_update_case_with_status_creates_notification" time="0.486" /><testcase classname="backend.tests.test_phase8_notifications.TestCaseUpdateNotifications" name="test_update_case_with_message_creates_notification" time="0.495" /><testcase classname="backend.tests.test_phase8_notifications.TestNotificationFields" name="test_notification_has_required_fields" time="0.109" /><testcase classname="backend.tests.test_phase8_notifications.TestMarkNotificationRead" name="test_mark_notification_read" time="0.350" /></testsuite></testsuites>