<?xml version="1.0" encoding="utf-8"?><testsuites name="pytest tests"><testsuite name="pytest" errors="0" failures="0" skipped="0" tests="13" time="3.498" timestamp="2026-03-26T21:18:52.345427+00:00" hostname="agent-env-1b4f5c52-c3b3-455e-ba60-771b4abdd9ac"><testcase classname="tests.test_pdf_extraction_pipeline.TestExtractDocumentTextEndpoint" name="test_extract_text_pdf_basic" time="0.544" /><testcase classname="tests.test_pdf_extraction_pipeline.TestExtractDocumentTextEndpoint" name="test_extract_text_pdf_returns_details_array" time="0.121" /><testcase classname="tests.test_pdf_extraction_pipeline.TestExtractDocumentTextEndpoint" name="test_extract_image_with_ocr" time="0.836" /><testcase classname="tests.test_pdf_extraction_pipeline.TestExtractDocumentTextEndpoint" name="test_extract_empty_files_list" time="0.164" /><testcase classname="tests.test_pdf_extraction_pipeline.TestExtractDocumentTextEndpoint" name="test_extract_text_file" time="0.152" /><testcase classname="tests.test_pdf_extraction_pipeline.TestDossierExpressAdminBypass" name="test_admin_bypass_accepts_document_details" time="0.501" /><testcase classname="tests.test_pdf_extraction_pipeline.TestDossierExpressAdminBypass" name="test_admin_bypass_without_auth_returns_401" time="0.132" /><testcase classname="tests.test_pdf_extraction_pipeline.TestDossierExpressStatus" name="test_status_returns_document_details" time="0.213" /><testcase classname="tests.test_pdf_extraction_pipeline.TestDossierExpressStatus" name="test_status_invalid_id_returns_404" time="0.160" /><testcase classname="tests.test_pdf_extraction_pipeline.TestAdminDossierExpressAnalysis" name="test_admin_analysis_returns_document_details" time="0.198" /><testcase classname="tests.test_pdf_extraction_pipeline.TestAdminDossierExpressAnalysis" name="test_admin_analysis_without_auth_returns_401" time="0.117" /><testcase classname="tests.test_pdf_extraction_pipeline.TestAdminDossierExpressAnalysis" name="test_admin_analysis_invalid_id_returns_404" time="0.148" /><testcase classname="tests.test_pdf_extraction_pipeline.TestExistingDossierDocumentDetails" name="test_existing_dossier_status" time="0.157" /></testsuite></testsuites>