<?xml version="1.0" encoding="utf-8"?><testsuites name="pytest tests"><testsuite name="pytest" errors="0" failures="0" skipped="0" tests="6" time="33.425" timestamp="2026-03-26T20:33:52.757777+00:00" hostname="agent-env-1b4f5c52-c3b3-455e-ba60-771b4abdd9ac"><testcase classname="tests.test_processing_view_ux.TestDossierExpressProcessingAPI" name="test_admin_bypass_creates_dossier" time="0.620" /><testcase classname="tests.test_processing_view_ux.TestDossierExpressProcessingAPI" name="test_status_returns_progress_step" time="0.267" /><testcase classname="tests.test_processing_view_ux.TestDossierExpressProcessingAPI" name="test_status_polling_shows_progress_updates" time="32.054" /><testcase classname="tests.test_processing_view_ux.TestDossierExpressProcessingAPI" name="test_status_invalid_dossier_returns_404" time="0.210" /><testcase classname="tests.test_processing_view_ux.TestDossierExpressProcessingAPI" name="test_admin_bypass_without_auth_returns_401" time="0.132" /><testcase classname="tests.test_processing_view_ux.TestDossierExpressProcessingAPI" name="test_weekly_count_endpoint" time="0.114" /></testsuite></testsuites>