<?xml version="1.0" encoding="utf-8"?><testsuites name="pytest tests"><testsuite name="pytest" errors="0" failures="0" skipped="0" tests="18" time="2.298" timestamp="2026-03-27T09:38:54.365410+00:00" hostname="agent-env-1b4f5c52-c3b3-455e-ba60-771b4abdd9ac"><testcase classname="tests.test_dossier_download_endpoint.TestDownloadEndpointValidation" name="test_download_without_token_returns_400" time="0.214" /><testcase classname="tests.test_dossier_download_endpoint.TestDownloadEndpointValidation" name="test_download_with_empty_token_returns_400" time="0.123" /><testcase classname="tests.test_dossier_download_endpoint.TestDownloadEndpointValidation" name="test_download_with_invalid_token_returns_404" time="0.139" /><testcase classname="tests.test_dossier_download_endpoint.TestDownloadEndpointValidation" name="test_download_with_nonexistent_dossier_returns_404" time="0.140" /><testcase classname="tests.test_dossier_download_endpoint.TestPDFDiscreetExpertLink" name="test_pdf_contains_discreet_expert_link" time="0.254" /><testcase classname="tests.test_dossier_download_endpoint.TestPDFDiscreetExpertLink" name="test_pdf_with_document_details_generates" time="0.014" /><testcase classname="tests.test_dossier_download_endpoint.TestObjectStorageFunctions" name="test_storage_module_imports" time="0.000" /><testcase classname="tests.test_dossier_download_endpoint.TestObjectStorageFunctions" name="test_storage_put_object_function_exists" time="0.000" /><testcase classname="tests.test_dossier_download_endpoint.TestObjectStorageFunctions" name="test_storage_download_file_function_exists" time="0.000" /><testcase classname="tests.test_dossier_download_endpoint.TestAdminAndCoreAPIs" name="test_admin_login_works" time="0.341" /><testcase classname="tests.test_dossier_download_endpoint.TestAdminAndCoreAPIs" name="test_conseils_api_works" time="0.129" /><testcase classname="tests.test_dossier_download_endpoint.TestAdminAndCoreAPIs" name="test_admin_pdf_preview_with_known_dossier" time="0.767" /><testcase classname="tests.test_dossier_download_endpoint.TestDownloadEndpointIntegration" name="test_download_endpoint_structure" time="0.130" /><testcase classname="tests.test_dossier_download_endpoint.TestPDFSourceCodeVerification" name="test_pdf_source_has_et_maintenant_section" time="0.005" /><testcase classname="tests.test_dossier_download_endpoint.TestPDFSourceCodeVerification" name="test_pdf_source_has_discreet_link_line" time="0.000" /><testcase classname="tests.test_dossier_download_endpoint.TestPDFSourceCodeVerification" name="test_pdf_source_has_signature_line" time="0.000" /><testcase classname="tests.test_dossier_download_endpoint.TestStorageSourceCodeVerification" name="test_storage_has_put_object" time="0.000" /><testcase classname="tests.test_dossier_download_endpoint.TestStorageSourceCodeVerification" name="test_storage_has_download_file" time="0.000" /></testsuite></testsuites>