<?xml version="1.0" encoding="utf-8"?><testsuites name="pytest tests"><testsuite name="pytest" errors="0" failures="0" skipped="0" tests="6" time="1.124" timestamp="2026-03-15T07:02:17.337367+00:00" hostname="agent-env-050c733b-0a1c-46d9-8daa-96b188bc072b"><testcase classname="backend.tests.test_pdf_premium.TestStrategiIAPDFGeneration" name="test_generate_pdf_without_premium" time="0.475" /><testcase classname="backend.tests.test_pdf_premium.TestStrategiIAPDFGeneration" name="test_generate_pdf_with_premium" time="0.144" /><testcase classname="backend.tests.test_pdf_premium.TestStrategiIAPDFGeneration" name="test_generate_pdf_empty_analysis_returns_400" time="0.109" /><testcase classname="backend.tests.test_pdf_premium.TestStrategiIAPDFGeneration" name="test_generate_pdf_missing_analysis_returns_400" time="0.104" /><testcase classname="backend.tests.test_pdf_premium.TestHealthAndBasicEndpoints" name="test_health_endpoint" time="0.133" /><testcase classname="backend.tests.test_pdf_premium.TestHealthAndBasicEndpoints" name="test_root_endpoint" time="0.107" /></testsuite></testsuites>