<?xml version="1.0" encoding="utf-8"?><testsuites name="pytest tests"><testsuite name="pytest" errors="0" failures="0" skipped="0" tests="16" time="4.491" timestamp="2026-03-27T08:43:10.205002+00:00" hostname="agent-env-1b4f5c52-c3b3-455e-ba60-771b4abdd9ac"><testcase classname="tests.test_ocr_extraction_pipeline_v2.TestTesseractInstallation" name="test_tesseract_is_installed" time="0.027" /><testcase classname="tests.test_ocr_extraction_pipeline_v2.TestTesseractInstallation" name="test_french_language_pack_available" time="0.017" /><testcase classname="tests.test_ocr_extraction_pipeline_v2.TestTesseractInstallation" name="test_start_sh_has_tesseract_install" time="0.000" /><testcase classname="tests.test_ocr_extraction_pipeline_v2.TestPDFTextExtraction" name="test_extract_text_pdf_returns_text_extracted_status" time="0.522" /><testcase classname="tests.test_ocr_extraction_pipeline_v2.TestPDFTextExtraction" name="test_extract_text_pdf_method_contains_page_count" time="0.141" /><testcase classname="tests.test_ocr_extraction_pipeline_v2.TestScannedPDFOCRExtraction" name="test_extract_scanned_pdf_returns_ocr_extracted_status" time="0.706" /><testcase classname="tests.test_ocr_extraction_pipeline_v2.TestImageOCRExtraction" name="test_extract_image_returns_ocr_extracted_status" time="0.301" /><testcase classname="tests.test_ocr_extraction_pipeline_v2.TestImageOCRExtraction" name="test_extract_jpeg_image" time="0.629" /><testcase classname="tests.test_ocr_extraction_pipeline_v2.TestExtractionMethodDetails" name="test_method_contains_lisible_count" time="0.139" /><testcase classname="tests.test_ocr_extraction_pipeline_v2.TestExtractionMethodDetails" name="test_details_include_preview" time="0.161" /><testcase classname="tests.test_ocr_extraction_pipeline_v2.TestE2EFlowWithDocumentDetails" name="test_e2e_extract_and_submit_preserves_document_details" time="0.645" /><testcase classname="tests.test_ocr_extraction_pipeline_v2.TestE2EFlowWithDocumentDetails" name="test_e2e_multiple_documents_preserved" time="0.625" /><testcase classname="tests.test_ocr_extraction_pipeline_v2.TestTextFileExtraction" name="test_extract_text_file_returns_text_extracted" time="0.143" /><testcase classname="tests.test_ocr_extraction_pipeline_v2.TestEdgeCases" name="test_empty_file_data" time="0.120" /><testcase classname="tests.test_ocr_extraction_pipeline_v2.TestEdgeCases" name="test_invalid_base64_data" time="0.126" /><testcase classname="tests.test_ocr_extraction_pipeline_v2.TestEdgeCases" name="test_unsupported_file_type" time="0.130" /></testsuite></testsuites>