<?xml version="1.0" encoding="utf-8"?><testsuites name="pytest tests"><testsuite name="pytest" errors="0" failures="0" skipped="0" tests="16" time="6.179" timestamp="2026-03-23T07:30:56.274849+00:00" hostname="agent-env-1b4f5c52-c3b3-455e-ba60-771b4abdd9ac"><testcase classname="tests.test_conseils_strate.TestConseilsPublicEndpoints" name="test_get_today_conseil_returns_200" time="0.173" /><testcase classname="tests.test_conseils_strate.TestConseilsPublicEndpoints" name="test_get_today_conseil_has_valid_category" time="0.112" /><testcase classname="tests.test_conseils_strate.TestConseilsPublicEndpoints" name="test_track_click_returns_ok" time="0.215" /><testcase classname="tests.test_conseils_strate.TestConseilsAdminAuth" name="test_admin_list_requires_auth" time="0.114" /><testcase classname="tests.test_conseils_strate.TestConseilsAdminAuth" name="test_admin_create_requires_auth" time="0.095" /><testcase classname="tests.test_conseils_strate.TestConseilsAdminAuth" name="test_admin_stats_requires_auth" time="0.105" /><testcase classname="tests.test_conseils_strate.TestConseilsAdminCRUD" name="test_admin_list_conseils" time="0.448" /><testcase classname="tests.test_conseils_strate.TestConseilsAdminCRUD" name="test_admin_stats" time="0.425" /><testcase classname="tests.test_conseils_strate.TestConseilsAdminCRUD" name="test_admin_create_conseil" time="0.527" /><testcase classname="tests.test_conseils_strate.TestConseilsAdminCRUD" name="test_admin_create_conseil_text_validation_min" time="0.434" /><testcase classname="tests.test_conseils_strate.TestConseilsAdminCRUD" name="test_admin_create_conseil_text_validation_max" time="0.427" /><testcase classname="tests.test_conseils_strate.TestConseilsAdminCRUD" name="test_admin_update_conseil" time="0.689" /><testcase classname="tests.test_conseils_strate.TestConseilsAdminCRUD" name="test_admin_delete_conseil" time="0.639" /><testcase classname="tests.test_conseils_strate.TestConseilsAdminCRUD" name="test_admin_highlight_conseil" time="0.664" /><testcase classname="tests.test_conseils_strate.TestConseilsAdminCRUD" name="test_admin_delete_nonexistent_conseil" time="0.445" /><testcase classname="tests.test_conseils_strate.TestConseilsDataPersistence" name="test_create_and_verify_persistence" time="0.619" /></testsuite></testsuites>