<?xml version="1.0" encoding="utf-8"?><testsuites name="pytest tests"><testsuite name="pytest" errors="0" failures="0" skipped="0" tests="6" time="1.472" timestamp="2026-03-26T22:04:36.560278+00:00" hostname="agent-env-1b4f5c52-c3b3-455e-ba60-771b4abdd9ac"><testcase classname="tests.test_admin_preview_pdf.TestPreviewPdfEndpoint" name="test_preview_pdf_requires_auth" time="0.232" /><testcase classname="tests.test_admin_preview_pdf.TestPreviewPdfEndpoint" name="test_preview_pdf_returns_404_for_invalid_id" time="0.451" /><testcase classname="tests.test_admin_preview_pdf.TestPreviewPdfEndpoint" name="test_preview_pdf_returns_valid_pdf" time="0.408" /><testcase classname="tests.test_admin_preview_pdf.TestDossierExpressAnalysisEndpoint" name="test_analysis_endpoint_requires_auth" time="0.125" /><testcase classname="tests.test_admin_preview_pdf.TestDossierExpressAnalysisEndpoint" name="test_analysis_endpoint_returns_document_details" time="0.128" /><testcase classname="tests.test_admin_preview_pdf.TestReadabilityLevelLogic" name="test_readability_level_calculation" time="0.103" /></testsuite></testsuites>