<?xml version="1.0" encoding="utf-8"?><testsuites name="pytest tests"><testsuite name="pytest" errors="0" failures="0" skipped="0" tests="9" time="2.226" timestamp="2026-03-25T07:24:18.742016+00:00" hostname="agent-env-1b4f5c52-c3b3-455e-ba60-771b4abdd9ac"><testcase classname="tests.test_guide_email_gate.TestGuideEmailGate" name="test_request_guide_valid_email" time="0.152" /><testcase classname="tests.test_guide_email_gate.TestGuideEmailGate" name="test_request_guide_invalid_email_no_at" time="0.100" /><testcase classname="tests.test_guide_email_gate.TestGuideEmailGate" name="test_request_guide_invalid_email_no_dot" time="0.105" /><testcase classname="tests.test_guide_email_gate.TestGuideEmailGate" name="test_request_guide_empty_email" time="0.143" /><testcase classname="tests.test_guide_email_gate.TestGuideEmailGate" name="test_request_guide_missing_guide_id" time="0.137" /><testcase classname="tests.test_guide_email_gate.TestGuideEmailGate" name="test_request_guide_with_category" time="0.097" /><testcase classname="tests.test_guide_email_gate.TestGuideEmailGate" name="test_request_guide_all_categories" time="0.590" /><testcase classname="tests.test_guide_email_gate.TestGuidePDFDownload" name="test_download_guide_pdf_valid" time="0.731" /><testcase classname="tests.test_guide_email_gate.TestGuidePDFDownload" name="test_download_guide_pdf_invalid_id" time="0.137" /></testsuite></testsuites>