<?xml version="1.0" encoding="utf-8"?><testsuites name="pytest tests"><testsuite name="pytest" errors="0" failures="0" skipped="0" tests="7" time="3.201" timestamp="2026-03-15T08:36:00.666584+00:00" hostname="agent-env-6a6d10f2-3c37-493a-84d1-f63c2f60894a"><testcase classname="backend.tests.test_analytics.TestAnalyticsEndpoint" name="test_analytics_30d_default" time="0.472" /><testcase classname="backend.tests.test_analytics.TestAnalyticsEndpoint" name="test_analytics_7d_period" time="0.381" /><testcase classname="backend.tests.test_analytics.TestAnalyticsEndpoint" name="test_analytics_90d_period" time="0.675" /><testcase classname="backend.tests.test_analytics.TestAnalyticsEndpoint" name="test_analytics_packages_structure" time="0.382" /><testcase classname="backend.tests.test_analytics.TestAnalyticsEndpoint" name="test_analytics_analyse_types_structure" time="0.397" /><testcase classname="backend.tests.test_analytics.TestAnalyticsEndpoint" name="test_analytics_requires_auth" time="0.433" /><testcase classname="backend.tests.test_analytics.TestAnalyticsEndpoint" name="test_analytics_kpis_values_are_numbers" time="0.411" /></testsuite></testsuites>