<?xml version="1.0" encoding="utf-8"?><testsuites name="pytest tests"><testsuite name="pytest" errors="0" failures="0" skipped="0" tests="13" time="60.436" timestamp="2026-03-26T18:55:21.021521+00:00" hostname="agent-env-1b4f5c52-c3b3-455e-ba60-771b4abdd9ac"><testcase classname="tests.test_document_extraction_pipeline.TestDocumentExtractionEndpoint" name="test_extract_document_text_endpoint_exists" time="0.139" /><testcase classname="tests.test_document_extraction_pipeline.TestDocumentExtractionEndpoint" name="test_extract_empty_files_list" time="0.122" /><testcase classname="tests.test_document_extraction_pipeline.TestDocumentExtractionEndpoint" name="test_extract_pdf_with_base64" time="0.202" /><testcase classname="tests.test_document_extraction_pipeline.TestDocumentExtractionEndpoint" name="test_extract_multiple_files" time="0.135" /><testcase classname="tests.test_document_extraction_pipeline.TestDocumentExtractionEndpoint" name="test_extract_file_without_data" time="0.124" /><testcase classname="tests.test_document_extraction_pipeline.TestDocumentExtractionEndpoint" name="test_extract_image_file" time="0.132" /><testcase classname="tests.test_document_extraction_pipeline.TestDocumentExtractionEndpoint" name="test_extract_text_file" time="0.131" /><testcase classname="tests.test_document_extraction_pipeline.TestDocumentExtractionEndpoint" name="test_extract_max_files_limit" time="0.144" /><testcase classname="tests.test_document_extraction_pipeline.TestDossierExpressWithDocuments" name="test_admin_bypass_with_document_text" time="0.577" /><testcase classname="tests.test_document_extraction_pipeline.TestDossierExpressWithDocuments" name="test_dossier_status_shows_progress_steps" time="0.650" /><testcase classname="tests.test_document_extraction_pipeline.TestDossierExpressWithDocuments" name="test_completed_dossier_has_analysis" time="0.464" /><testcase classname="tests.test_document_extraction_pipeline.TestDocumentUploaderCheckboxFix" name="test_extract_preserves_file_metadata" time="0.144" /><testcase classname="tests.test_document_extraction_pipeline.TestEndToEndDocumentPipeline" name="test_full_pipeline_extract_and_submit" time="57.429" /></testsuite></testsuites>