<?xml version="1.0" encoding="utf-8"?><testsuites name="pytest tests"><testsuite name="pytest" errors="0" failures="0" skipped="0" tests="28" time="6.312" timestamp="2026-03-15T10:07:01.389970+00:00" hostname="agent-env-3111cd68-4bb6-4da6-9dce-982dd412c684"><testcase classname="tests.test_refactoring_validation.TestPublicEndpoints" name="test_root_endpoint" time="0.144" /><testcase classname="tests.test_refactoring_validation.TestPublicEndpoints" name="test_health_endpoint" time="0.102" /><testcase classname="tests.test_refactoring_validation.TestPublicEndpoints" name="test_faq_endpoint" time="0.114" /><testcase classname="tests.test_refactoring_validation.TestPublicEndpoints" name="test_avis_endpoint" time="0.143" /><testcase classname="tests.test_refactoring_validation.TestPublicEndpoints" name="test_contact_create" time="0.104" /><testcase classname="tests.test_refactoring_validation.TestPublicEndpoints" name="test_visitors_count" time="0.103" /><testcase classname="tests.test_refactoring_validation.TestAdminAuth" name="test_admin_login_success" time="0.325" /><testcase classname="tests.test_refactoring_validation.TestAdminAuth" name="test_admin_login_wrong_password" time="0.324" /><testcase classname="tests.test_refactoring_validation.TestAdminProtectedEndpoints" name="test_admin_stats" time="0.448" /><testcase classname="tests.test_refactoring_validation.TestAdminProtectedEndpoints" name="test_admin_analytics" time="0.434" /><testcase classname="tests.test_refactoring_validation.TestAdminProtectedEndpoints" name="test_admin_stats_without_auth" time="0.104" /><testcase classname="tests.test_refactoring_validation.TestForumEndpoints" name="test_forum_categories" time="0.102" /><testcase classname="tests.test_refactoring_validation.TestForumEndpoints" name="test_forum_topics" time="0.101" /><testcase classname="tests.test_refactoring_validation.TestPaymentEndpoints" name="test_payment_packages" time="0.098" /><testcase classname="tests.test_refactoring_validation.TestClientPortal" name="test_client_register" time="0.326" /><testcase classname="tests.test_refactoring_validation.TestClientPortal" name="test_client_login" time="0.653" /><testcase classname="tests.test_refactoring_validation.TestClientPortal" name="test_client_profile" time="0.436" /><testcase classname="tests.test_refactoring_validation.TestClientPortal" name="test_client_progress" time="0.439" /><testcase classname="tests.test_refactoring_validation.TestClientPortal" name="test_client_documents" time="0.431" /><testcase classname="tests.test_refactoring_validation.TestClientPortal" name="test_client_notifications" time="0.456" /><testcase classname="tests.test_refactoring_validation.TestBookingEndpoints" name="test_booking_slots" time="0.101" /><testcase classname="tests.test_refactoring_validation.TestStrategiiaEndpoints" name="test_strategiia_score" time="0.113" /><testcase classname="tests.test_refactoring_validation.TestDocumentEndpoints" name="test_document_validate" time="0.103" /><testcase classname="tests.test_refactoring_validation.TestDocumentEndpoints" name="test_document_validate_invalid_format" time="0.106" /><testcase classname="tests.test_refactoring_validation.TestChatbotEndpoints" name="test_chatbot_message" time="0.115" /><testcase classname="tests.test_refactoring_validation.TestChatbotEndpoints" name="test_chatbot_quota" time="0.109" /><testcase classname="tests.test_refactoring_validation.TestSEOEndpoints" name="test_sitemap_xml" time="0.119" /><testcase classname="tests.test_refactoring_validation.TestSEOEndpoints" name="test_robots_txt" time="0.099" /></testsuite></testsuites>