<?xml version="1.0" encoding="utf-8"?><testsuites name="pytest tests"><testsuite name="pytest" errors="0" failures="0" skipped="0" tests="13" time="56.871" timestamp="2026-03-26T21:55:44.035558+00:00" hostname="agent-env-1b4f5c52-c3b3-455e-ba60-771b4abdd9ac"><testcase classname="tests.test_pdf_document_encart.TestPDFDocumentEncart" name="test_pdf_with_all_text_extracted_excellente" time="0.231" /><testcase classname="tests.test_pdf_document_encart.TestPDFDocumentEncart" name="test_pdf_with_mixed_text_and_ocr_tres_bonne" time="0.029" /><testcase classname="tests.test_pdf_document_encart.TestPDFDocumentEncart" name="test_pdf_with_all_ocr_bonne" time="0.029" /><testcase classname="tests.test_pdf_document_encart.TestPDFDocumentEncart" name="test_pdf_with_some_ocr_empty_partielle" time="0.029" /><testcase classname="tests.test_pdf_document_encart.TestPDFDocumentEncart" name="test_pdf_with_all_failed_limitee" time="0.093" /><testcase classname="tests.test_pdf_document_encart.TestPDFDocumentEncart" name="test_pdf_without_document_details_backwards_compatible" time="0.020" /><testcase classname="tests.test_pdf_document_encart.TestPDFDocumentEncart" name="test_pdf_with_empty_document_details_list" time="0.020" /><testcase classname="tests.test_pdf_document_encart.TestPDFDocumentEncart" name="test_pdf_no_technical_jargon" time="0.028" /><testcase classname="tests.test_pdf_document_encart.TestPDFDocumentEncart" name="test_pdf_reassurance_note_present" time="0.028" /><testcase classname="tests.test_pdf_document_encart.TestPDFDocumentEncart" name="test_generate_secured_pdf_with_document_details" time="0.028" /><testcase classname="tests.test_pdf_document_encart.TestPDFDocumentEncart" name="test_pdf_page_count_calculation" time="0.028" /><testcase classname="tests.test_pdf_document_encart.TestPDFDocumentEncartIntegration" name="test_admin_bypass_stores_document_details" time="1.610" /><testcase classname="tests.test_pdf_document_encart.TestPDFDocumentEncartIntegration" name="test_process_dossier_fetches_document_details_for_pdf" time="54.675" /></testsuite></testsuites>