<?xml version="1.0" encoding="utf-8"?><testsuites name="pytest tests"><testsuite name="pytest" errors="0" failures="0" skipped="0" tests="22" time="2.407" timestamp="2026-03-15T09:22:47.647937+00:00" hostname="agent-env-6a6d10f2-3c37-493a-84d1-f63c2f60894a"><testcase classname="backend.tests.test_ocr_extract_fields.TestOCRExtractFieldsBasic" name="test_extract_fields_empty_text" time="0.136" /><testcase classname="backend.tests.test_ocr_extract_fields.TestOCRExtractFieldsBasic" name="test_extract_fields_whitespace_only" time="0.105" /><testcase classname="backend.tests.test_ocr_extract_fields.TestOCRExtractDates" name="test_extract_date_slash_format" time="0.101" /><testcase classname="backend.tests.test_ocr_extract_fields.TestOCRExtractDates" name="test_extract_date_dash_format" time="0.103" /><testcase classname="backend.tests.test_ocr_extract_fields.TestOCRExtractDates" name="test_extract_multiple_dates" time="0.136" /><testcase classname="backend.tests.test_ocr_extract_fields.TestOCRExtractAmounts" name="test_extract_amount_euro_symbol" time="0.098" /><testcase classname="backend.tests.test_ocr_extract_fields.TestOCRExtractAmounts" name="test_extract_simple_amount" time="0.106" /><testcase classname="backend.tests.test_ocr_extract_fields.TestOCRExtractReferences" name="test_extract_reference_at_format" time="0.108" /><testcase classname="backend.tests.test_ocr_extract_fields.TestOCRExtractReferences" name="test_extract_reference_numero" time="0.098" /><testcase classname="backend.tests.test_ocr_extract_fields.TestOCRExtractSocialSecurity" name="test_extract_ss_number_with_spaces" time="0.098" /><testcase classname="backend.tests.test_ocr_extract_fields.TestOCRExtractSocialSecurity" name="test_extract_ss_number_continuous" time="0.100" /><testcase classname="backend.tests.test_ocr_extract_fields.TestOCRExtractNames" name="test_extract_name_patient" time="0.096" /><testcase classname="backend.tests.test_ocr_extract_fields.TestOCRExtractNames" name="test_extract_name_assure" time="0.101" /><testcase classname="backend.tests.test_ocr_extract_fields.TestOCRExtractIPP" name="test_extract_taux_ipp" time="0.131" /><testcase classname="backend.tests.test_ocr_extract_fields.TestOCRExtractIPP" name="test_extract_incapacite_rate" time="0.095" /><testcase classname="backend.tests.test_ocr_extract_fields.TestOCRExtractDocumentType" name="test_detect_type_at" time="0.103" /><testcase classname="backend.tests.test_ocr_extract_fields.TestOCRExtractDocumentType" name="test_detect_type_mp" time="0.094" /><testcase classname="backend.tests.test_ocr_extract_fields.TestOCRExtractDocumentType" name="test_detect_type_mdph" time="0.104" /><testcase classname="backend.tests.test_ocr_extract_fields.TestOCRExtractDocumentType" name="test_detect_type_ipp" time="0.098" /><testcase classname="backend.tests.test_ocr_extract_fields.TestOCRExtractComplex" name="test_extract_complete_french_medical_text" time="0.093" /><testcase classname="backend.tests.test_ocr_extract_fields.TestOCRExtractComplex" name="test_extract_phase1_returns_enhanced_false" time="0.108" /><testcase classname="backend.tests.test_ocr_extract_fields.TestOCRExtractComplex" name="test_source_parameter_preserved" time="0.109" /></testsuite></testsuites>