<?xml version="1.0" encoding="utf-8"?><testsuites name="pytest tests"><testsuite name="pytest" errors="0" failures="0" skipped="0" tests="21" time="6.053" timestamp="2026-03-12T15:31:53.151219+00:00" hostname="agent-env-28e0ead0-8160-4cd2-a46b-a217b1c75d6d"><testcase classname="backend.tests.test_phase7_new_features.TestBookingSlots" name="test_get_slots_for_date" time="0.219" /><testcase classname="backend.tests.test_phase7_new_features.TestBookingCRUD" name="test_create_booking" time="0.221" /><testcase classname="backend.tests.test_phase7_new_features.TestClientRegistration" name="test_register_client" time="0.337" /><testcase classname="backend.tests.test_phase7_new_features.TestClientRegistration" name="test_register_duplicate_email" time="0.405" /><testcase classname="backend.tests.test_phase7_new_features.TestClientLogin" name="test_login_client" time="0.638" /><testcase classname="backend.tests.test_phase7_new_features.TestClientLogin" name="test_login_invalid_credentials" time="0.106" /><testcase classname="backend.tests.test_phase7_new_features.TestClientPortal" name="test_get_client_profile" time="0.385" /><testcase classname="backend.tests.test_phase7_new_features.TestClientPortal" name="test_get_client_cases" time="0.407" /><testcase classname="backend.tests.test_phase7_new_features.TestClientPortal" name="test_client_profile_requires_auth" time="0.111" /><testcase classname="backend.tests.test_phase7_new_features.TestSimulator" name="test_save_simulator_result" time="0.159" /><testcase classname="backend.tests.test_phase7_new_features.TestResourcesDownload" name="test_track_resource_download" time="0.139" /><testcase classname="backend.tests.test_phase7_new_features.TestRelanceTracking" name="test_track_abandoned_checkout" time="0.125" /><testcase classname="backend.tests.test_phase7_new_features.TestRelanceTracking" name="test_track_requires_email" time="0.101" /><testcase classname="backend.tests.test_phase7_new_features.TestAdminBookings" name="test_admin_get_bookings" time="0.394" /><testcase classname="backend.tests.test_phase7_new_features.TestAdminBookings" name="test_admin_bookings_requires_auth" time="0.143" /><testcase classname="backend.tests.test_phase7_new_features.TestAdminRelance" name="test_admin_get_relance" time="0.427" /><testcase classname="backend.tests.test_phase7_new_features.TestAdminRelance" name="test_admin_send_relance" time="0.553" /><testcase classname="backend.tests.test_phase7_new_features.TestAdminClients" name="test_admin_get_clients" time="0.420" /><testcase classname="backend.tests.test_phase7_new_features.TestAdminClients" name="test_admin_clients_requires_auth" time="0.149" /><testcase classname="backend.tests.test_phase7_new_features.TestAdminSimulatorStats" name="test_admin_get_simulator_stats" time="0.408" /><testcase classname="backend.tests.test_phase7_new_features.TestHealthCheck" name="test_api_health" time="0.110" /></testsuite></testsuites>