<?xml version="1.0" encoding="utf-8"?><testsuites name="pytest tests"><testsuite name="pytest" errors="0" failures="0" skipped="0" tests="7" time="2.037" timestamp="2026-03-26T23:22:16.231259+00:00" hostname="agent-env-1b4f5c52-c3b3-455e-ba60-771b4abdd9ac"><testcase classname="tests.test_premium_analysis_delete.TestDeletePremiumAnalysisAuth" name="test_delete_without_auth_returns_401_or_403" time="0.203" /><testcase classname="tests.test_premium_analysis_delete.TestDeletePremiumAnalysisAuth" name="test_delete_with_invalid_token_returns_401" time="0.110" /><testcase classname="tests.test_premium_analysis_delete.TestDeletePremiumAnalysisNotFound" name="test_delete_fake_id_returns_404" time="0.497" /><testcase classname="tests.test_premium_analysis_delete.TestDeletePremiumAnalysisNotFound" name="test_delete_random_uuid_returns_404" time="0.132" /><testcase classname="tests.test_premium_analysis_delete.TestDeletePremiumAnalysisSuccess" name="test_get_premium_analyses_list" time="0.215" /><testcase classname="tests.test_premium_analysis_delete.TestDeletePremiumAnalysisSuccess" name="test_delete_existing_entry_returns_200" time="0.360" /><testcase classname="tests.test_premium_analysis_delete.TestDeleteLinkedDossierExpress" name="test_delete_with_linked_dossier" time="0.492" /></testsuite></testsuites>