<?xml version="1.0" encoding="utf-8"?><testsuites name="pytest tests"><testsuite name="pytest" errors="0" failures="1" skipped="0" tests="10" time="3.256" timestamp="2026-03-16T19:47:23.154753+00:00" hostname="agent-env-b248fd9e-246e-45a0-a9c1-5a6aa6777ac4"><testcase classname="tests.test_send_test_email.TestSendTestEmailEndpoint" name="test_send_test_email_without_email_returns_400" time="0.576" /><testcase classname="tests.test_send_test_email.TestSendTestEmailEndpoint" name="test_send_test_email_with_empty_email_returns_400" time="0.155" /><testcase classname="tests.test_send_test_email.TestSendTestEmailEndpoint" name="test_send_test_email_with_valid_data_returns_response" time="0.413" /><testcase classname="tests.test_send_test_email.TestSendTestEmailEndpoint" name="test_send_test_email_returns_proper_json_structure" time="0.363" /><testcase classname="tests.test_send_test_email.TestSendTestEmailEndpoint" name="test_send_test_email_resolves_prenom_variable" time="0.335" /><testcase classname="tests.test_send_test_email.TestSendTestEmailEndpoint" name="test_send_test_email_unauthenticated_returns_401" time="0.141"><failure message="AssertionError: Expected 401 unauthorized, got 403&#10;assert 403 == 401&#10; +  where 403 = &lt;Response [403]&gt;.status_code">backend/tests/test_send_test_email.py:128: in test_send_test_email_unauthenticated_returns_401
    assert response.status_code == 401, f"Expected 401 unauthorized, got {response.status_code}"
E   AssertionError: Expected 401 unauthorized, got 403
E   assert 403 == 401
E    +  where 403 = &lt;Response [403]&gt;.status_code</failure></testcase><testcase classname="tests.test_send_test_email.TestSendTestEmailEndpoint" name="test_send_test_email_with_all_variables" time="0.338" /><testcase classname="tests.test_send_test_email.TestEmailTemplatesExisting" name="test_list_templates_still_works" time="0.520" /><testcase classname="tests.test_send_test_email.TestEmailTemplatesExisting" name="test_preview_template_still_works" time="0.135" /><testcase classname="tests.test_send_test_email.TestEmailTemplatesExisting" name="test_variables_endpoint_still_works" time="0.135" /></testsuite></testsuites>