<?xml version="1.0" encoding="utf-8"?><testsuites name="pytest tests"><testsuite name="pytest" errors="0" failures="0" skipped="0" tests="9" time="97.537" timestamp="2026-03-24T19:26:55.200661+00:00" hostname="agent-env-1b4f5c52-c3b3-455e-ba60-771b4abdd9ac"><testcase classname="tests.test_strategiia_async_polling.TestStrategiiaAsyncPolling" name="test_analyze_returns_job_id_immediately" time="26.671" /><testcase classname="tests.test_strategiia_async_polling.TestStrategiiaAsyncPolling" name="test_status_returns_pending_while_processing" time="33.624" /><testcase classname="tests.test_strategiia_async_polling.TestStrategiiaAsyncPolling" name="test_status_eventually_returns_done_with_sections" time="36.450" /><testcase classname="tests.test_strategiia_async_polling.TestStrategiiaAsyncPolling" name="test_invalid_job_id_returns_404" time="0.119" /><testcase classname="tests.test_strategiia_async_polling.TestStrategiiaAsyncPolling" name="test_analyze_missing_situation_returns_400" time="0.113" /><testcase classname="tests.test_strategiia_async_polling.TestStrategiiaAsyncPolling" name="test_analyze_whitespace_only_situation_returns_400" time="0.112" /><testcase classname="tests.test_strategiia_async_polling.TestStrategiiaQuota" name="test_register_email_success" time="0.144" /><testcase classname="tests.test_strategiia_async_polling.TestStrategiiaQuota" name="test_register_email_invalid_returns_400" time="0.163" /><testcase classname="tests.test_strategiia_async_polling.TestStrategiiaQuota" name="test_get_quota_for_email" time="0.111" /></testsuite></testsuites>