<?xml version="1.0" encoding="utf-8"?><testsuites name="pytest tests"><testsuite name="pytest" errors="0" failures="0" skipped="0" tests="8" time="4.907" timestamp="2026-03-29T14:31:49.973922+00:00" hostname="agent-env-1b4f5c52-c3b3-455e-ba60-771b4abdd9ac"><testcase classname="tests.test_processing_view_ux.TestDossierExpressStatusAPI" name="test_status_returns_progress_step" time="0.246" /><testcase classname="tests.test_processing_view_ux.TestDossierExpressStatusAPI" name="test_status_completed_dossier" time="0.110" /><testcase classname="tests.test_processing_view_ux.TestDossierExpressStatusAPI" name="test_status_returns_analysis_batch_field" time="0.153" /><testcase classname="tests.test_processing_view_ux.TestDossierExpressSuiviAPI" name="test_suivi_returns_7_steps" time="0.121" /><testcase classname="tests.test_processing_view_ux.TestDossierExpressSuiviAPI" name="test_suivi_completed_dossier_all_steps_completed" time="0.190" /><testcase classname="tests.test_processing_view_ux.TestBackendProgressStepValues" name="test_health_llm_endpoint" time="3.803" /><testcase classname="tests.test_processing_view_ux.TestBackendProgressStepValues" name="test_dossier_express_landing_page_loads" time="0.126" /><testcase classname="tests.test_processing_view_ux.TestClientStepsDisplay" name="test_suivi_step_labels_match_expected" time="0.125" /></testsuite></testsuites>