<?xml version="1.0" encoding="utf-8"?><testsuites name="pytest tests"><testsuite name="pytest" errors="0" failures="0" skipped="0" tests="8" time="2.299" timestamp="2026-03-26T20:06:49.892420+00:00" hostname="agent-env-1b4f5c52-c3b3-455e-ba60-771b4abdd9ac"><testcase classname="tests.test_dossier_express_separation.TestDossierExpressAPIs" name="test_weekly_count_endpoint" time="0.233" /><testcase classname="tests.test_dossier_express_separation.TestDossierExpressAPIs" name="test_admin_bypass_returns_dossier_id" time="0.479" /><testcase classname="tests.test_dossier_express_separation.TestDossierExpressAPIs" name="test_status_endpoint_returns_progress_step" time="0.267" /><testcase classname="tests.test_dossier_express_separation.TestDossierExpressAPIs" name="test_admin_dossier_express_list" time="0.121" /><testcase classname="tests.test_dossier_express_separation.TestDossierExpressAPIs" name="test_status_404_for_invalid_id" time="0.158" /><testcase classname="tests.test_dossier_express_separation.TestDossierExpressAPIs" name="test_admin_bypass_requires_auth" time="0.219" /><testcase classname="tests.test_dossier_express_separation.TestDossierExpressAPIs" name="test_admin_bypass_requires_admin_role" time="0.144" /><testcase classname="tests.test_dossier_express_separation.TestDossierExpressPromptSeparation" name="test_completed_dossier_analysis_format" time="0.643" /></testsuite></testsuites>