<?xml version="1.0" encoding="utf-8"?><testsuites name="pytest tests"><testsuite name="pytest" errors="0" failures="0" skipped="0" tests="12" time="2.528" timestamp="2026-03-27T19:54:50.255896+00:00" hostname="agent-env-1b4f5c52-c3b3-455e-ba60-771b4abdd9ac"><testcase classname="tests.test_chunked_upload_v2.TestHealthEndpoint" name="test_health_returns_200" time="0.232" /><testcase classname="tests.test_chunked_upload_v2.TestChunkUpload" name="test_chunk_upload_accepts_valid_chunk" time="0.124" /><testcase classname="tests.test_chunked_upload_v2.TestChunkUpload" name="test_chunk_upload_multiple_chunks" time="0.418" /><testcase classname="tests.test_chunked_upload_v2.TestChunkUpload" name="test_chunk_upload_rejects_too_many_chunks" time="0.125" /><testcase classname="tests.test_chunked_upload_v2.TestExtractEndpoint" name="test_extract_requires_upload_id_and_files" time="0.335" /><testcase classname="tests.test_chunked_upload_v2.TestExtractEndpoint" name="test_extract_returns_404_for_nonexistent_upload" time="0.140" /><testcase classname="tests.test_chunked_upload_v2.TestExtractEndpoint" name="test_extract_sync_for_small_chunked_file" time="0.302" /><testcase classname="tests.test_chunked_upload_v2.TestExtractStatusEndpoint" name="test_extract_status_returns_404_for_unknown_id" time="0.110" /><testcase classname="tests.test_chunked_upload_v2.TestBase64Extraction" name="test_base64_extraction_accepts_text_file" time="0.121" /><testcase classname="tests.test_chunked_upload_v2.TestBase64Extraction" name="test_base64_extraction_handles_empty_files" time="0.115" /><testcase classname="tests.test_chunked_upload_v2.TestBase64Extraction" name="test_base64_extraction_handles_invalid_base64" time="0.136" /><testcase classname="tests.test_chunked_upload_v2.TestAdminLogin" name="test_admin_login_returns_token" time="0.335" /></testsuite></testsuites>