<?xml version="1.0" encoding="utf-8"?><testsuites name="pytest tests"><testsuite name="pytest" errors="0" failures="0" skipped="0" tests="14" time="2.288" timestamp="2026-03-26T09:24:10.157498+00:00" hostname="agent-env-1b4f5c52-c3b3-455e-ba60-771b4abdd9ac"><testcase classname="tests.test_pdf_visual_overhaul.TestPDFGenerationEndpoint" name="test_generate_pdf_returns_base64_and_filename" time="0.558" /><testcase classname="tests.test_pdf_visual_overhaul.TestPDFGenerationEndpoint" name="test_generate_pdf_requires_analysis" time="0.136" /><testcase classname="tests.test_pdf_visual_overhaul.TestPDFSinglePageLayout" name="test_short_content_fits_one_page" time="0.140" /><testcase classname="tests.test_pdf_visual_overhaul.TestPDFSinglePageLayout" name="test_medium_content_fits_one_page" time="0.118" /><testcase classname="tests.test_pdf_visual_overhaul.TestPDFSinglePageLayout" name="test_long_content_fits_one_page" time="0.138" /><testcase classname="tests.test_pdf_visual_overhaul.TestPDFHeaderContent" name="test_header_contains_brand_name" time="0.163" /><testcase classname="tests.test_pdf_visual_overhaul.TestPDFHeaderContent" name="test_header_contains_pionnier_text" time="0.103" /><testcase classname="tests.test_pdf_visual_overhaul.TestPDFHeaderContent" name="test_header_contains_report_number" time="0.109" /><testcase classname="tests.test_pdf_visual_overhaul.TestPDFFooterContent" name="test_footer_contains_document_confidentiel" time="0.112" /><testcase classname="tests.test_pdf_visual_overhaul.TestPDFNoURLs" name="test_no_http_links_in_pdf" time="0.113" /><testcase classname="tests.test_pdf_visual_overhaul.TestPDFNoURLs" name="test_no_preview_urls_in_pdf" time="0.120" /><testcase classname="tests.test_pdf_visual_overhaul.TestPDFWatermark" name="test_free_version_has_watermark" time="0.116" /><testcase classname="tests.test_pdf_visual_overhaul.TestPDFWatermark" name="test_premium_version_no_watermark" time="0.253" /><testcase classname="tests.test_pdf_visual_overhaul.TestLLMPromptSectionMarkers" name="test_basic_prompt_has_section_markers" time="0.000" /></testsuite></testsuites>