<?xml version="1.0" encoding="utf-8"?><testsuites name="pytest tests"><testsuite name="pytest" errors="0" failures="0" skipped="0" tests="8" time="4.637" timestamp="2026-03-27T11:21:22.658699+00:00" hostname="agent-env-1b4f5c52-c3b3-455e-ba60-771b4abdd9ac"><testcase classname="tests.test_file_upload_limits.TestFileUploadLimits" name="test_health_check" time="0.155" /><testcase classname="tests.test_file_upload_limits.TestFileUploadLimits" name="test_normal_5mb_file_accepted" time="0.906" /><testcase classname="tests.test_file_upload_limits.TestFileUploadLimits" name="test_file_over_50mb_rejected_with_too_large_status" time="2.764" /><testcase classname="tests.test_file_upload_limits.TestFileUploadLimits" name="test_more_than_10_files_rejected_with_400" time="0.114" /><testcase classname="tests.test_file_upload_limits.TestFileUploadLimits" name="test_exactly_10_files_accepted" time="0.132" /><testcase classname="tests.test_file_upload_limits.TestFileUploadLimits" name="test_empty_files_array_returns_empty_result" time="0.097" /><testcase classname="tests.test_file_upload_limits.TestAdminLogin" name="test_admin_login" time="0.328" /><testcase classname="tests.test_file_upload_limits.TestHomepage" name="test_homepage_loads" time="0.110" /></testsuite></testsuites>