<?xml version="1.0" encoding="utf-8"?><testsuites name="pytest tests"><testsuite name="pytest" errors="0" failures="0" skipped="0" tests="9" time="1.074" timestamp="2026-03-14T05:20:38.147833+00:00" hostname="agent-env-9e2ce33d-8664-40da-83dc-a07f44edb75b"><testcase classname="tests.test_seo_features.TestSitemapAndRobots" name="test_sitemap_returns_valid_xml" time="0.157" /><testcase classname="tests.test_seo_features.TestSitemapAndRobots" name="test_sitemap_has_minimum_urls" time="0.099" /><testcase classname="tests.test_seo_features.TestSitemapAndRobots" name="test_sitemap_url_structure" time="0.121" /><testcase classname="tests.test_seo_features.TestSitemapAndRobots" name="test_robots_txt_returns_text" time="0.109" /><testcase classname="tests.test_seo_features.TestSitemapAndRobots" name="test_robots_txt_has_user_agent" time="0.110" /><testcase classname="tests.test_seo_features.TestSitemapAndRobots" name="test_robots_txt_has_allow" time="0.100" /><testcase classname="tests.test_seo_features.TestSitemapAndRobots" name="test_robots_txt_disallows_admin" time="0.115" /><testcase classname="tests.test_seo_features.TestSitemapAndRobots" name="test_robots_txt_has_sitemap_url" time="0.104" /><testcase classname="tests.test_seo_features.TestBackendHealth" name="test_api_health" time="0.099" /></testsuite></testsuites>