<?xml version="1.0" encoding="utf-8"?><testsuites name="pytest tests"><testsuite name="pytest" errors="0" failures="0" skipped="0" tests="8" time="3.537" timestamp="2026-03-16T18:23:45.279927+00:00" hostname="agent-env-5d4ab0e4-9b05-4271-9eba-8ada1547e42a"><testcase classname="tests.test_p1_p2_p3_features.TestP2DossierScore" name="test_dossier_score_basic" time="0.217" /><testcase classname="tests.test_p1_p2_p3_features.TestP2DossierScore" name="test_dossier_score_minimal" time="0.158" /><testcase classname="tests.test_p1_p2_p3_features.TestP2DossierScore" name="test_dossier_score_complete" time="0.146" /><testcase classname="tests.test_p1_p2_p3_features.TestP1ClientProgress" name="test_client_progress_enriched" time="0.519" /><testcase classname="tests.test_p1_p2_p3_features.TestP1ClientProgress" name="test_client_progress_steps_timeline" time="0.503" /><testcase classname="tests.test_p1_p2_p3_features.TestP3AdminAnalytics" name="test_admin_analytics_enriched" time="0.526" /><testcase classname="tests.test_p1_p2_p3_features.TestP3AdminAnalytics" name="test_admin_analytics_extra_kpis" time="0.570" /><testcase classname="tests.test_p1_p2_p3_features.TestP3AdminAnalytics" name="test_admin_analytics_period_filter" time="0.868" /></testsuite></testsuites>