<?xml version="1.0" encoding="utf-8"?><testsuites name="pytest tests"><testsuite name="pytest" errors="0" failures="0" skipped="0" tests="16" time="11.035" timestamp="2026-03-15T12:09:24.670869+00:00" hostname="agent-env-ba9b0055-b25d-4ae2-ac9a-5600d5ab1c2e"><testcase classname="tests.test_admin_docs_ocr_features.TestAdminAuthentication" name="test_admin_login_success" time="0.393" /><testcase classname="tests.test_admin_docs_ocr_features.TestOCRPhase2GPT4o" name="test_extract_fields_ai_endpoint" time="1.635" /><testcase classname="tests.test_admin_docs_ocr_features.TestOCRPhase2GPT4o" name="test_extract_fields_ai_empty_text" time="0.118" /><testcase classname="tests.test_admin_docs_ocr_features.TestOCRPhase2GPT4o" name="test_extract_fields_with_use_ai_flag" time="1.766" /><testcase classname="tests.test_admin_docs_ocr_features.TestOCRPhase2GPT4o" name="test_extract_fields_regex_fallback" time="0.108" /><testcase classname="tests.test_admin_docs_ocr_features.TestAdminDocumentsManagement" name="test_admin_list_all_documents" time="0.577" /><testcase classname="tests.test_admin_docs_ocr_features.TestAdminDocumentsManagement" name="test_admin_documents_filter_by_status" time="0.427" /><testcase classname="tests.test_admin_docs_ocr_features.TestAdminDocumentsManagement" name="test_admin_update_document_status_validate" time="1.556" /><testcase classname="tests.test_admin_docs_ocr_features.TestAdminDocumentsManagement" name="test_admin_update_document_status_reject" time="1.451" /><testcase classname="tests.test_admin_docs_ocr_features.TestAdminDocumentsManagement" name="test_admin_update_document_invalid_status" time="0.560" /><testcase classname="tests.test_admin_docs_ocr_features.TestAdminDocumentsManagement" name="test_admin_documents_requires_auth" time="0.099" /><testcase classname="tests.test_admin_docs_ocr_features.TestAdminEmailConfig" name="test_admin_email_status" time="0.424" /><testcase classname="tests.test_admin_docs_ocr_features.TestAdminEmailConfig" name="test_admin_email_test_endpoint" time="0.620" /><testcase classname="tests.test_admin_docs_ocr_features.TestAdminEmailConfig" name="test_admin_email_test_requires_email" time="0.460" /><testcase classname="tests.test_admin_docs_ocr_features.TestAdminEmailConfig" name="test_admin_email_status_requires_auth" time="0.099" /><testcase classname="tests.test_admin_docs_ocr_features.TestAutoNotificationsOnDocumentActions" name="test_notification_created_on_validate" time="0.715" /></testsuite></testsuites>