<?xml version="1.0" encoding="utf-8"?><testsuites name="pytest tests"><testsuite name="pytest" errors="0" failures="0" skipped="0" tests="15" time="4.493" timestamp="2026-03-16T20:08:56.534050+00:00" hostname="agent-env-b248fd9e-246e-45a0-a9c1-5a6aa6777ac4"><testcase classname="tests.test_scheduled_campaigns.TestScheduleCampaign" name="test_schedule_campaign_success" time="0.748" /><testcase classname="tests.test_scheduled_campaigns.TestScheduleCampaign" name="test_schedule_campaign_with_past_date_returns_400" time="0.161" /><testcase classname="tests.test_scheduled_campaigns.TestScheduleCampaign" name="test_schedule_campaign_without_template_id_returns_400" time="0.135" /><testcase classname="tests.test_scheduled_campaigns.TestScheduleCampaign" name="test_schedule_campaign_with_invalid_template_returns_404" time="0.170" /><testcase classname="tests.test_scheduled_campaigns.TestScheduleCampaign" name="test_schedule_campaign_with_ab_test" time="0.362" /><testcase classname="tests.test_scheduled_campaigns.TestScheduleCampaign" name="test_schedule_campaign_requires_auth" time="0.126" /><testcase classname="tests.test_scheduled_campaigns.TestListCampaigns" name="test_list_campaigns_success" time="0.113" /><testcase classname="tests.test_scheduled_campaigns.TestListCampaigns" name="test_list_campaigns_requires_auth" time="0.117" /><testcase classname="tests.test_scheduled_campaigns.TestCancelCampaign" name="test_cancel_scheduled_campaign_success" time="0.481" /><testcase classname="tests.test_scheduled_campaigns.TestCancelCampaign" name="test_cancel_non_scheduled_campaign_returns_400" time="0.511" /><testcase classname="tests.test_scheduled_campaigns.TestCancelCampaign" name="test_cancel_nonexistent_campaign_returns_404" time="0.105" /><testcase classname="tests.test_scheduled_campaigns.TestDeleteCampaign" name="test_delete_campaign_success" time="0.375" /><testcase classname="tests.test_scheduled_campaigns.TestDeleteCampaign" name="test_delete_nonexistent_campaign_returns_404" time="0.117" /><testcase classname="tests.test_scheduled_campaigns.TestCampaignStatusFlow" name="test_campaign_has_all_required_fields" time="0.319" /><testcase classname="tests.test_scheduled_campaigns.TestCampaignStatusFlow" name="test_campaign_valid_statuses" time="0.570" /></testsuite></testsuites>