<?xml version="1.0" encoding="utf-8"?><testsuites name="pytest tests"><testsuite name="pytest" errors="0" failures="0" skipped="0" tests="23" time="4.707" timestamp="2026-03-15T09:33:42.772418+00:00" hostname="agent-env-6a6d10f2-3c37-493a-84d1-f63c2f60894a"><testcase classname="backend.tests.test_client_documents.TestClientDocumentsList" name="test_list_documents_returns_stats" time="0.477" /><testcase classname="backend.tests.test_client_documents.TestClientDocumentsList" name="test_list_documents_filter_by_category_at" time="0.105" /><testcase classname="backend.tests.test_client_documents.TestClientDocumentsList" name="test_list_documents_filter_by_category_mdph" time="0.105" /><testcase classname="backend.tests.test_client_documents.TestClientDocumentsList" name="test_list_documents_filter_by_status_en_attente" time="0.113" /><testcase classname="backend.tests.test_client_documents.TestClientDocumentsList" name="test_list_documents_search_by_organisme_cpam" time="0.105" /><testcase classname="backend.tests.test_client_documents.TestClientDocumentsList" name="test_list_documents_search_by_filename" time="0.098" /><testcase classname="backend.tests.test_client_documents.TestClientDocumentsUpload" name="test_upload_document_with_auto_categorization_at" time="0.104" /><testcase classname="backend.tests.test_client_documents.TestClientDocumentsUpload" name="test_upload_document_auto_detects_organisme_cpam" time="0.097" /><testcase classname="backend.tests.test_client_documents.TestClientDocumentsUpload" name="test_upload_document_auto_detects_organisme_mdph" time="0.111" /><testcase classname="backend.tests.test_client_documents.TestClientDocumentsUpload" name="test_upload_document_missing_filename_fails" time="0.098" /><testcase classname="backend.tests.test_client_documents.TestClientDocumentsUpload" name="test_upload_document_missing_file_data_fails" time="0.112" /><testcase classname="backend.tests.test_client_documents.TestClientDocumentsGetById" name="test_get_document_by_id_returns_file_data" time="0.201" /><testcase classname="backend.tests.test_client_documents.TestClientDocumentsGetById" name="test_get_nonexistent_document_returns_404" time="0.097" /><testcase classname="backend.tests.test_client_documents.TestClientDocumentsUpdate" name="test_update_document_category" time="0.431" /><testcase classname="backend.tests.test_client_documents.TestClientDocumentsUpdate" name="test_update_document_tags" time="0.397" /><testcase classname="backend.tests.test_client_documents.TestClientDocumentsUpdate" name="test_update_nonexistent_document_returns_404" time="0.103" /><testcase classname="backend.tests.test_client_documents.TestClientDocumentsDelete" name="test_delete_document" time="0.330" /><testcase classname="backend.tests.test_client_documents.TestClientDocumentsDelete" name="test_delete_nonexistent_document_returns_404" time="0.104" /><testcase classname="backend.tests.test_client_documents.TestClientDocumentsVersion" name="test_add_version_to_document" time="0.412" /><testcase classname="backend.tests.test_client_documents.TestClientDocumentsVersion" name="test_add_version_to_nonexistent_document_returns_404" time="0.097" /><testcase classname="backend.tests.test_client_documents.TestClientDocumentsAuth" name="test_list_documents_requires_auth" time="0.098" /><testcase classname="backend.tests.test_client_documents.TestClientDocumentsAuth" name="test_upload_document_requires_auth" time="0.125" /><testcase classname="backend.tests.test_client_documents.TestCleanupTestDocuments" name="test_cleanup_test_documents" time="0.699" /></testsuite></testsuites>