<?xml version="1.0" encoding="utf-8"?><testsuites name="pytest tests"><testsuite name="pytest" errors="0" failures="0" skipped="0" tests="8" time="1.116" timestamp="2026-03-26T09:53:50.963577+00:00" hostname="agent-env-1b4f5c52-c3b3-455e-ba60-771b4abdd9ac"><testcase classname="tests.test_simulator_pdf_premium.TestSimulatorAPI" name="test_simulator_result_accident_travail" time="0.267" /><testcase classname="tests.test_simulator_pdf_premium.TestSimulatorAPI" name="test_simulator_result_maladie_professionnelle" time="0.148" /><testcase classname="tests.test_simulator_pdf_premium.TestSimulatorAPI" name="test_simulator_result_mdph" time="0.109" /><testcase classname="tests.test_simulator_pdf_premium.TestSimulatorAPI" name="test_simulator_result_expertise" time="0.156" /><testcase classname="tests.test_simulator_pdf_premium.TestSimulatorAPI" name="test_simulator_result_assurance" time="0.102" /><testcase classname="tests.test_simulator_pdf_premium.TestSimulatorAPI" name="test_simulator_result_autre_situation" time="0.105" /><testcase classname="tests.test_simulator_pdf_premium.TestSimulatorAPI" name="test_simulator_result_minimal_payload" time="0.100" /><testcase classname="tests.test_simulator_pdf_premium.TestHealthCheck" name="test_api_health" time="0.100" /></testsuite></testsuites>