<?xml version="1.0" encoding="utf-8"?><testsuites name="pytest tests"><testsuite name="pytest" errors="0" failures="0" skipped="0" tests="18" time="0.639" timestamp="2026-03-17T07:59:19.052356+00:00" hostname="agent-env-f2e5e323-cd24-4bfc-a313-ed92d6305e33"><testcase classname="tests.test_iteration62_free_premium_separation.TestFreeClientDossierAnalysis" name="test_has_dossier_express_is_false" time="0.552" /><testcase classname="tests.test_iteration62_free_premium_separation.TestFreeClientDossierAnalysis" name="test_score_field_present" time="0.000" /><testcase classname="tests.test_iteration62_free_premium_separation.TestFreeClientDossierAnalysis" name="test_dynamic_message_present" time="0.000" /><testcase classname="tests.test_iteration62_free_premium_separation.TestFreeClientDossierAnalysis" name="test_actionable_count_present" time="0.000" /><testcase classname="tests.test_iteration62_free_premium_separation.TestFreeClientDossierAnalysis" name="test_case_type_present" time="0.000" /><testcase classname="tests.test_iteration62_free_premium_separation.TestFreeClientDossierAnalysis" name="test_summary_present" time="0.000" /><testcase classname="tests.test_iteration62_free_premium_separation.TestFreeClientDossierAnalysis" name="test_only_expected_fields_returned" time="0.000" /><testcase classname="tests.test_iteration62_free_premium_separation.TestPremiumFieldsNotInFreeResponse" name="test_key_metrics_not_present" time="0.000" /><testcase classname="tests.test_iteration62_free_premium_separation.TestPremiumFieldsNotInFreeResponse" name="test_score_breakdown_not_present" time="0.000" /><testcase classname="tests.test_iteration62_free_premium_separation.TestPremiumFieldsNotInFreeResponse" name="test_weak_points_not_present" time="0.000" /><testcase classname="tests.test_iteration62_free_premium_separation.TestPremiumFieldsNotInFreeResponse" name="test_risk_alerts_not_present" time="0.000" /><testcase classname="tests.test_iteration62_free_premium_separation.TestPremiumFieldsNotInFreeResponse" name="test_predictions_not_present" time="0.000" /><testcase classname="tests.test_iteration62_free_premium_separation.TestPremiumFieldsNotInFreeResponse" name="test_recommended_actions_not_present" time="0.000" /><testcase classname="tests.test_iteration62_free_premium_separation.TestPremiumFieldsNotInFreeResponse" name="test_premium_cta_not_present" time="0.000" /><testcase classname="tests.test_iteration62_free_premium_separation.TestPremiumFieldsNotInFreeResponse" name="test_missing_documents_not_present" time="0.000" /><testcase classname="tests.test_iteration62_free_premium_separation.TestPremiumFieldsNotInFreeResponse" name="test_found_documents_not_present" time="0.000" /><testcase classname="tests.test_iteration62_free_premium_separation.TestFreeClientResponseIntegrity" name="test_dynamic_message_has_required_keys" time="0.000" /><testcase classname="tests.test_iteration62_free_premium_separation.TestFreeClientResponseIntegrity" name="test_summary_has_required_keys" time="0.000" /></testsuite></testsuites>