<?xml version="1.0" encoding="utf-8"?><testsuites name="pytest tests"><testsuite name="pytest" errors="0" failures="0" skipped="0" tests="11" time="1.607" timestamp="2026-03-15T08:40:32.613753+00:00" hostname="agent-env-6a6d10f2-3c37-493a-84d1-f63c2f60894a"><testcase classname="backend.tests.test_strategiia_score.TestStrategiIAScore" name="test_score_endpoint_exists" time="0.292" /><testcase classname="backend.tests.test_strategiia_score.TestStrategiIAScore" name="test_score_at_general_returns_data" time="0.102" /><testcase classname="backend.tests.test_strategiia_score.TestStrategiIAScore" name="test_score_mp_returns_data" time="0.104" /><testcase classname="backend.tests.test_strategiia_score.TestStrategiIAScore" name="test_score_nonexistent_type_returns_null" time="0.109" /><testcase classname="backend.tests.test_strategiia_score.TestStrategiIAScore" name="test_score_distribution_structure" time="0.101" /><testcase classname="backend.tests.test_strategiia_score.TestStrategiIAScore" name="test_score_top_strategies" time="0.109" /><testcase classname="backend.tests.test_strategiia_score.TestStrategiIAScore" name="test_score_success_rate_and_avg_admin_score" time="0.100" /><testcase classname="backend.tests.test_strategiia_score.TestStrategiIAScore" name="test_score_confidence_levels" time="0.319" /><testcase classname="backend.tests.test_strategiia_score.TestStrategiIAScoreEdgeCases" name="test_score_without_regime" time="0.100" /><testcase classname="backend.tests.test_strategiia_score.TestStrategiIAScoreEdgeCases" name="test_score_with_empty_regime" time="0.100" /><testcase classname="backend.tests.test_strategiia_score.TestStrategiIAScoreEdgeCases" name="test_score_missing_type_dossier" time="0.106" /></testsuite></testsuites>