<?xml version="1.0" encoding="utf-8"?><testsuites name="pytest tests"><testsuite name="pytest" errors="0" failures="0" skipped="0" tests="11" time="208.371" timestamp="2026-03-23T11:09:06.918977+00:00" hostname="agent-env-1b4f5c52-c3b3-455e-ba60-771b4abdd9ac"><testcase classname="tests.test_chatbot_medical_signals.TestMedicalSignalDetection" name="test_coccygodynie_returns_ai_not_faq" time="17.758" /><testcase classname="tests.test_chatbot_medical_signals.TestMedicalSignalDetection" name="test_canal_carpien_returns_tableau_57c" time="11.445" /><testcase classname="tests.test_chatbot_medical_signals.TestMedicalSignalDetection" name="test_burn_out_returns_ai_with_crrmp" time="22.474" /><testcase classname="tests.test_chatbot_medical_signals.TestMedicalSignalDetection" name="test_contester_expertise_returns_ai" time="36.406" /><testcase classname="tests.test_chatbot_medical_signals.TestMedicalSignalDetection" name="test_taux_ipp_lombalgie_returns_ai_with_tableau_97" time="27.543" /><testcase classname="tests.test_chatbot_medical_signals.TestMedicalSignalDetection" name="test_droits_apres_accident_returns_ai" time="30.932" /><testcase classname="tests.test_chatbot_medical_signals.TestMedicalSignalDetection" name="test_combien_toucher_ipp_returns_ai_not_tarifs" time="16.489" /><testcase classname="tests.test_chatbot_medical_signals.TestFAQStillWorksForGeneralQuestions" name="test_tarifs_simple_returns_faq" time="0.113" /><testcase classname="tests.test_chatbot_medical_signals.TestFAQStillWorksForGeneralQuestions" name="test_contact_simple_returns_faq" time="0.101" /><testcase classname="tests.test_chatbot_medical_signals.TestAIResponsesIncludeActionableLinks" name="test_ai_response_includes_links" time="35.259" /><testcase classname="tests.test_chatbot_medical_signals.TestQuotaEndpoint" name="test_quota_returns_correct_structure" time="9.817" /></testsuite></testsuites>