<?xml version="1.0" encoding="utf-8"?><testsuites name="pytest tests"><testsuite name="pytest" errors="0" failures="0" skipped="0" tests="15" time="5.869" timestamp="2026-03-26T18:14:50.542922+00:00" hostname="agent-env-1b4f5c52-c3b3-455e-ba60-771b4abdd9ac"><testcase classname="tests.test_dossier_express_workflow.TestDossierExpressAdminBypass" name="test_admin_bypass_creates_dossier" time="0.515" /><testcase classname="tests.test_dossier_express_workflow.TestDossierExpressAdminBypass" name="test_dossier_status_endpoint" time="2.140" /><testcase classname="tests.test_dossier_express_workflow.TestAdminPremiumAnalysesEndpoints" name="test_get_premium_analyses_list" time="0.236" /><testcase classname="tests.test_dossier_express_workflow.TestAdminPremiumAnalysesEndpoints" name="test_premium_analyses_has_dossier_express_items" time="0.160" /><testcase classname="tests.test_dossier_express_workflow.TestAdminPremiumAnalysesEndpoints" name="test_premium_analyses_has_strategiia_items" time="0.120" /><testcase classname="tests.test_dossier_express_workflow.TestFullContentEndpoint" name="test_full_content_for_dossier_express" time="0.240" /><testcase classname="tests.test_dossier_express_workflow.TestFullContentEndpoint" name="test_full_content_for_strategiia" time="0.211" /><testcase classname="tests.test_dossier_express_workflow.TestDossierExpressAnalysisEndpoint" name="test_get_dossier_analysis_by_id" time="0.244" /><testcase classname="tests.test_dossier_express_workflow.TestDossierExpressAnalysisEndpoint" name="test_get_nonexistent_dossier_returns_404" time="0.117" /><testcase classname="tests.test_dossier_express_workflow.TestPatchPremiumAnalysisStatus" name="test_patch_status_to_en_cours" time="0.335" /><testcase classname="tests.test_dossier_express_workflow.TestPatchPremiumAnalysisStatus" name="test_patch_status_to_valide_with_reviewed_analysis" time="0.239" /><testcase classname="tests.test_dossier_express_workflow.TestPatchPremiumAnalysisStatus" name="test_patch_invalid_status_returns_400" time="0.244" /><testcase classname="tests.test_dossier_express_workflow.TestSendReviewedEndpoint" name="test_send_reviewed_uses_correct_report_type" time="0.899" /><testcase classname="tests.test_dossier_express_workflow.TestDossierExpressAdminList" name="test_admin_dossier_express_list" time="0.119" /><testcase classname="tests.test_dossier_express_workflow.TestSessionStoragePersistence" name="test_admin_test_banner_uses_session_storage" time="0.000" /></testsuite></testsuites>