<?xml version="1.0" encoding="utf-8"?><testsuites name="pytest tests"><testsuite name="pytest" errors="0" failures="0" skipped="0" tests="12" time="5.499" timestamp="2026-03-15T09:42:08.779568+00:00" hostname="agent-env-6a6d10f2-3c37-493a-84d1-f63c2f60894a"><testcase classname="backend.tests.test_progress_dashboard.TestProgressDashboard" name="test_progress_endpoint_requires_auth" time="0.618" /><testcase classname="backend.tests.test_progress_dashboard.TestProgressDashboard" name="test_progress_endpoint_returns_200" time="0.446" /><testcase classname="backend.tests.test_progress_dashboard.TestProgressDashboard" name="test_progress_returns_progress_pct" time="0.434" /><testcase classname="backend.tests.test_progress_dashboard.TestProgressDashboard" name="test_progress_returns_steps_array" time="0.431" /><testcase classname="backend.tests.test_progress_dashboard.TestProgressDashboard" name="test_progress_steps_have_required_fields" time="0.425" /><testcase classname="backend.tests.test_progress_dashboard.TestProgressDashboard" name="test_inscription_step_completed" time="0.441" /><testcase classname="backend.tests.test_progress_dashboard.TestProgressDashboard" name="test_documents_step_status" time="0.434" /><testcase classname="backend.tests.test_progress_dashboard.TestProgressDashboard" name="test_strategiia_step_status" time="0.427" /><testcase classname="backend.tests.test_progress_dashboard.TestProgressDashboard" name="test_progress_returns_next_action" time="0.454" /><testcase classname="backend.tests.test_progress_dashboard.TestProgressDashboard" name="test_progress_returns_counts" time="0.441" /><testcase classname="backend.tests.test_progress_dashboard.TestProgressDashboard" name="test_progress_returns_summary" time="0.423" /><testcase classname="backend.tests.test_progress_dashboard.TestProgressDashboard" name="test_progress_pct_calculation" time="0.456" /></testsuite></testsuites>