<?xml version="1.0" encoding="utf-8"?><testsuites name="pytest tests"><testsuite name="pytest" errors="0" failures="0" skipped="0" tests="9" time="20.464" timestamp="2026-03-23T10:56:41.332242+00:00" hostname="agent-env-1b4f5c52-c3b3-455e-ba60-771b4abdd9ac"><testcase classname="tests.test_chatbot_api.TestChatbotAPI" name="test_chatbot_faq_response" time="0.222" /><testcase classname="tests.test_chatbot_api.TestChatbotAPI" name="test_chatbot_ai_response" time="9.244" /><testcase classname="tests.test_chatbot_api.TestChatbotAPI" name="test_chatbot_session_persistence" time="0.268" /><testcase classname="tests.test_chatbot_api.TestChatbotAPI" name="test_chatbot_quota_endpoint" time="5.044" /><testcase classname="tests.test_chatbot_api.TestChatbotAPI" name="test_chatbot_quota_nonexistent_session" time="0.095" /><testcase classname="tests.test_chatbot_api.TestChatbotAPI" name="test_chatbot_mdph_faq" time="0.099" /><testcase classname="tests.test_chatbot_api.TestChatbotAPI" name="test_chatbot_tarifs_faq" time="0.107" /><testcase classname="tests.test_chatbot_api.TestChatbotAPI" name="test_chatbot_accident_travail_faq" time="0.103" /><testcase classname="tests.test_chatbot_api.TestChatbotAPI" name="test_chatbot_empty_message" time="5.246" /></testsuite></testsuites>