<?xml version="1.0" encoding="utf-8"?><testsuites name="pytest tests"><testsuite name="pytest" errors="0" failures="0" skipped="0" tests="15" time="1.846" timestamp="2026-03-15T09:06:42.010568+00:00" hostname="agent-env-6a6d10f2-3c37-493a-84d1-f63c2f60894a"><testcase classname="backend.tests.test_document_quality_control.TestDocumentValidation" name="test_validate_valid_pdf" time="0.282" /><testcase classname="backend.tests.test_document_quality_control.TestDocumentValidation" name="test_validate_valid_jpg" time="0.051" /><testcase classname="backend.tests.test_document_quality_control.TestDocumentValidation" name="test_validate_valid_png" time="0.053" /><testcase classname="backend.tests.test_document_quality_control.TestDocumentValidation" name="test_validate_valid_docx" time="0.051" /><testcase classname="backend.tests.test_document_quality_control.TestDocumentValidation" name="test_validate_invalid_exe_format" time="0.054" /><testcase classname="backend.tests.test_document_quality_control.TestDocumentValidation" name="test_validate_invalid_txt_format" time="0.051" /><testcase classname="backend.tests.test_document_quality_control.TestDocumentValidation" name="test_validate_oversized_file" time="0.057" /><testcase classname="backend.tests.test_document_quality_control.TestDocumentValidation" name="test_validate_tiny_file_corrupted" time="0.052" /><testcase classname="backend.tests.test_document_quality_control.TestDocumentValidation" name="test_validate_zero_size_file" time="0.048" /><testcase classname="backend.tests.test_document_quality_control.TestDocumentValidation" name="test_validate_exactly_10mb" time="0.052" /><testcase classname="backend.tests.test_document_quality_control.TestDocumentValidation" name="test_validate_uppercase_extension" time="0.049" /><testcase classname="backend.tests.test_document_quality_control.TestDocumentValidation" name="test_validate_jpeg_extension" time="0.052" /><testcase classname="backend.tests.test_document_quality_control.TestDocumentRejectionNotification" name="test_notify_rejected_requires_auth" time="0.049" /><testcase classname="backend.tests.test_document_quality_control.TestDocumentRejectionNotification" name="test_notify_rejected_with_admin_auth" time="0.764" /><testcase classname="backend.tests.test_document_quality_control.TestDocumentRejectionNotification" name="test_notify_rejected_with_custom_message" time="0.110" /></testsuite></testsuites>