<?xml version="1.0" encoding="utf-8"?><testsuites name="pytest tests"><testsuite name="pytest" errors="0" failures="0" skipped="0" tests="13" time="3.762" timestamp="2026-03-16T19:59:07.465808+00:00" hostname="agent-env-b248fd9e-246e-45a0-a9c1-5a6aa6777ac4"><testcase classname="tests.test_email_history.TestEmailTestHistory" name="test_get_test_history_endpoint_exists" time="0.861" /><testcase classname="tests.test_email_history.TestEmailTestHistory" name="test_get_test_history_returns_proper_structure" time="0.156" /><testcase classname="tests.test_email_history.TestEmailTestHistory" name="test_get_test_history_for_template_with_no_history" time="0.155" /><testcase classname="tests.test_email_history.TestEmailTestHistory" name="test_get_test_history_unauthenticated_returns_error" time="0.148" /><testcase classname="tests.test_email_history.TestEmailTestHistory" name="test_history_record_has_required_fields" time="0.143" /><testcase classname="tests.test_email_history.TestEmailTestHistory" name="test_history_record_has_template_info" time="0.133" /><testcase classname="tests.test_email_history.TestEmailTestHistory" name="test_history_record_has_variables_used" time="0.145" /><testcase classname="tests.test_email_history.TestEmailTestHistory" name="test_send_test_saves_to_history" time="0.634" /><testcase classname="tests.test_email_history.TestEmailTestHistory" name="test_history_is_sorted_by_sent_at_desc" time="0.161" /><testcase classname="tests.test_email_history.TestEmailTestHistory" name="test_history_limited_to_10_records" time="0.139" /><testcase classname="tests.test_email_history.TestEmailTestHistory" name="test_history_status_is_sent_or_failed" time="0.147" /><testcase classname="tests.test_email_history.TestRassurantTemplateHistory" name="test_rassurant_has_history" time="0.767" /><testcase classname="tests.test_email_history.TestRassurantTemplateHistory" name="test_rassurant_history_contains_test_example_email" time="0.151" /></testsuite></testsuites>