<?xml version="1.0" encoding="utf-8"?><testsuites name="pytest tests"><testsuite name="pytest" errors="0" failures="0" skipped="0" tests="34" time="6.202" timestamp="2026-03-16T20:37:04.120832+00:00" hostname="agent-env-b248fd9e-246e-45a0-a9c1-5a6aa6777ac4"><testcase classname="tests.test_pdf_guides_download.TestPDFGuideDownload" name="test_guide_pdf_returns_200[guide_mp]" time="0.539" /><testcase classname="tests.test_pdf_guides_download.TestPDFGuideDownload" name="test_guide_pdf_returns_200[guide_expertise]" time="0.181" /><testcase classname="tests.test_pdf_guides_download.TestPDFGuideDownload" name="test_guide_pdf_returns_200[guide_mdph]" time="0.184" /><testcase classname="tests.test_pdf_guides_download.TestPDFGuideDownload" name="test_guide_pdf_returns_200[guide_recours]" time="0.167" /><testcase classname="tests.test_pdf_guides_download.TestPDFGuideDownload" name="test_guide_pdf_returns_200[guide_ipp]" time="0.138" /><testcase classname="tests.test_pdf_guides_download.TestPDFGuideDownload" name="test_guide_pdf_returns_200[guide_assurance]" time="0.155" /><testcase classname="tests.test_pdf_guides_download.TestPDFGuideDownload" name="test_guide_pdf_content_type[guide_mp]" time="0.217" /><testcase classname="tests.test_pdf_guides_download.TestPDFGuideDownload" name="test_guide_pdf_content_type[guide_expertise]" time="0.229" /><testcase classname="tests.test_pdf_guides_download.TestPDFGuideDownload" name="test_guide_pdf_content_type[guide_mdph]" time="0.188" /><testcase classname="tests.test_pdf_guides_download.TestPDFGuideDownload" name="test_guide_pdf_content_type[guide_recours]" time="0.169" /><testcase classname="tests.test_pdf_guides_download.TestPDFGuideDownload" name="test_guide_pdf_content_type[guide_ipp]" time="0.216" /><testcase classname="tests.test_pdf_guides_download.TestPDFGuideDownload" name="test_guide_pdf_content_type[guide_assurance]" time="0.154" /><testcase classname="tests.test_pdf_guides_download.TestPDFGuideDownload" name="test_guide_pdf_content_disposition[guide_mp]" time="0.172" /><testcase classname="tests.test_pdf_guides_download.TestPDFGuideDownload" name="test_guide_pdf_content_disposition[guide_expertise]" time="0.168" /><testcase classname="tests.test_pdf_guides_download.TestPDFGuideDownload" name="test_guide_pdf_content_disposition[guide_mdph]" time="0.193" /><testcase classname="tests.test_pdf_guides_download.TestPDFGuideDownload" name="test_guide_pdf_content_disposition[guide_recours]" time="0.153" /><testcase classname="tests.test_pdf_guides_download.TestPDFGuideDownload" name="test_guide_pdf_content_disposition[guide_ipp]" time="0.138" /><testcase classname="tests.test_pdf_guides_download.TestPDFGuideDownload" name="test_guide_pdf_content_disposition[guide_assurance]" time="0.147" /><testcase classname="tests.test_pdf_guides_download.TestPDFGuideDownload" name="test_guide_pdf_size_not_empty[guide_mp]" time="0.178" /><testcase classname="tests.test_pdf_guides_download.TestPDFGuideDownload" name="test_guide_pdf_size_not_empty[guide_expertise]" time="0.184" /><testcase classname="tests.test_pdf_guides_download.TestPDFGuideDownload" name="test_guide_pdf_size_not_empty[guide_mdph]" time="0.159" /><testcase classname="tests.test_pdf_guides_download.TestPDFGuideDownload" name="test_guide_pdf_size_not_empty[guide_recours]" time="0.179" /><testcase classname="tests.test_pdf_guides_download.TestPDFGuideDownload" name="test_guide_pdf_size_not_empty[guide_ipp]" time="0.159" /><testcase classname="tests.test_pdf_guides_download.TestPDFGuideDownload" name="test_guide_pdf_size_not_empty[guide_assurance]" time="0.182" /><testcase classname="tests.test_pdf_guides_download.TestPDFGuideDownload" name="test_guide_pdf_starts_with_pdf_header[guide_mp]" time="0.143" /><testcase classname="tests.test_pdf_guides_download.TestPDFGuideDownload" name="test_guide_pdf_starts_with_pdf_header[guide_expertise]" time="0.185" /><testcase classname="tests.test_pdf_guides_download.TestPDFGuideDownload" name="test_guide_pdf_starts_with_pdf_header[guide_mdph]" time="0.149" /><testcase classname="tests.test_pdf_guides_download.TestPDFGuideDownload" name="test_guide_pdf_starts_with_pdf_header[guide_recours]" time="0.186" /><testcase classname="tests.test_pdf_guides_download.TestPDFGuideDownload" name="test_guide_pdf_starts_with_pdf_header[guide_ipp]" time="0.159" /><testcase classname="tests.test_pdf_guides_download.TestPDFGuideDownload" name="test_guide_pdf_starts_with_pdf_header[guide_assurance]" time="0.178" /><testcase classname="tests.test_pdf_guides_download.TestPDFGuideDownload" name="test_invalid_guide_returns_404" time="0.140" /><testcase classname="tests.test_pdf_guides_download.TestPDFGuideDownload" name="test_nonexistent_guide_returns_404" time="0.137" /><testcase classname="tests.test_pdf_guides_download.TestResourceDownloadTracking" name="test_download_creates_tracking_record" time="0.157" /><testcase classname="tests.test_pdf_guides_download.TestResourceDownloadTracking" name="test_resource_download_tracking_endpoint" time="0.131" /></testsuite></testsuites>