<?xml version="1.0" encoding="utf-8"?><testsuites name="pytest tests"><testsuite name="pytest" errors="0" failures="0" skipped="0" tests="11" time="1.519" timestamp="2026-03-23T18:34:13.309682+00:00" hostname="agent-env-1b4f5c52-c3b3-455e-ba60-771b4abdd9ac"><testcase classname="tests.test_tracking_medecin_conseil.TestTrackingAPI" name="test_tracking_event_post_success" time="0.163" /><testcase classname="tests.test_tracking_medecin_conseil.TestTrackingAPI" name="test_tracking_event_page_view" time="0.121" /><testcase classname="tests.test_tracking_medecin_conseil.TestTrackingAPI" name="test_tracking_event_hero_cta_click" time="0.121" /><testcase classname="tests.test_tracking_medecin_conseil.TestTrackingAPI" name="test_tracking_event_cta_accompagnement_click" time="0.135" /><testcase classname="tests.test_tracking_medecin_conseil.TestTrackingAPI" name="test_tracking_stats_get_all" time="0.108" /><testcase classname="tests.test_tracking_medecin_conseil.TestTrackingAPI" name="test_tracking_stats_filter_by_page" time="0.143" /><testcase classname="tests.test_tracking_medecin_conseil.TestTrackingAPI" name="test_tracking_stats_structure" time="0.108" /><testcase classname="tests.test_tracking_medecin_conseil.TestMedecinConseilPageRoutes" name="test_medecin_conseil_page_loads" time="0.163" /><testcase classname="tests.test_tracking_medecin_conseil.TestMedecinConseilPageRoutes" name="test_homepage_loads" time="0.148" /><testcase classname="tests.test_tracking_medecin_conseil.TestMedecinConseilPageRoutes" name="test_services_page_loads" time="0.161" /><testcase classname="tests.test_tracking_medecin_conseil.TestMedecinConseilPageRoutes" name="test_expertise_medicale_page_loads" time="0.113" /></testsuite></testsuites>