<?xml version="1.0" encoding="utf-8"?><testsuites name="pytest tests"><testsuite name="pytest" errors="0" failures="0" skipped="0" tests="11" time="3.706" timestamp="2026-03-12T18:23:57.413108+00:00" hostname="agent-env-28e0ead0-8160-4cd2-a46b-a217b1c75d6d"><testcase classname="backend.tests.test_paypal_integration.TestPayPalCalculate" name="test_calculate_basic_package" time="0.279" /><testcase classname="backend.tests.test_paypal_integration.TestPayPalCalculate" name="test_calculate_invalid_package" time="0.135" /><testcase classname="backend.tests.test_paypal_integration.TestPayPalCalculate" name="test_calculate_preparation_expertise" time="0.162" /><testcase classname="backend.tests.test_paypal_integration.TestPayPalCalculate" name="test_calculate_urgent_package" time="0.307" /><testcase classname="backend.tests.test_paypal_integration.TestPayPalCalculate" name="test_calculate_with_referral_code" time="0.360" /><testcase classname="backend.tests.test_paypal_integration.TestPayPalRecord" name="test_record_payment" time="0.118" /><testcase classname="backend.tests.test_paypal_integration.TestPayPalRecord" name="test_record_payment_increments_client_history" time="0.377" /><testcase classname="backend.tests.test_paypal_integration.TestPayPalRecord" name="test_record_payment_with_referral" time="0.451" /><testcase classname="backend.tests.test_paypal_integration.TestPayPalLoyaltyDiscount" name="test_loyalty_discount_applied_in_calculate" time="0.259" /><testcase classname="backend.tests.test_paypal_integration.TestAllPackagesCalculation" name="test_all_standard_packages" time="0.603" /><testcase classname="backend.tests.test_paypal_integration.TestAllPackagesCalculation" name="test_all_urgent_packages" time="0.536" /></testsuite></testsuites>