<?xml version="1.0" encoding="utf-8"?><testsuites name="pytest tests"><testsuite name="pytest" errors="0" failures="0" skipped="0" tests="16" time="6.076" timestamp="2026-03-26T08:13:20.619377+00:00" hostname="agent-env-1b4f5c52-c3b3-455e-ba60-771b4abdd9ac"><testcase classname="tests.test_conseils_strate.TestConseilsPublicEndpoints" name="test_get_today_conseil_returns_200" time="0.184" /><testcase classname="tests.test_conseils_strate.TestConseilsPublicEndpoints" name="test_get_today_conseil_has_valid_category" time="0.110" /><testcase classname="tests.test_conseils_strate.TestConseilsPublicEndpoints" name="test_track_click_returns_ok" time="0.217" /><testcase classname="tests.test_conseils_strate.TestConseilsAdminAuth" name="test_admin_list_requires_auth" time="0.106" /><testcase classname="tests.test_conseils_strate.TestConseilsAdminAuth" name="test_admin_create_requires_auth" time="0.100" /><testcase classname="tests.test_conseils_strate.TestConseilsAdminAuth" name="test_admin_stats_requires_auth" time="0.102" /><testcase classname="tests.test_conseils_strate.TestConseilsAdminCRUD" name="test_admin_list_conseils" time="0.425" /><testcase classname="tests.test_conseils_strate.TestConseilsAdminCRUD" name="test_admin_stats" time="0.420" /><testcase classname="tests.test_conseils_strate.TestConseilsAdminCRUD" name="test_admin_create_conseil" time="0.541" /><testcase classname="tests.test_conseils_strate.TestConseilsAdminCRUD" name="test_admin_create_conseil_text_validation_min" time="0.423" /><testcase classname="tests.test_conseils_strate.TestConseilsAdminCRUD" name="test_admin_create_conseil_text_validation_max" time="0.447" /><testcase classname="tests.test_conseils_strate.TestConseilsAdminCRUD" name="test_admin_update_conseil" time="0.628" /><testcase classname="tests.test_conseils_strate.TestConseilsAdminCRUD" name="test_admin_delete_conseil" time="0.618" /><testcase classname="tests.test_conseils_strate.TestConseilsAdminCRUD" name="test_admin_highlight_conseil" time="0.623" /><testcase classname="tests.test_conseils_strate.TestConseilsAdminCRUD" name="test_admin_delete_nonexistent_conseil" time="0.446" /><testcase classname="tests.test_conseils_strate.TestConseilsDataPersistence" name="test_create_and_verify_persistence" time="0.642" /></testsuite></testsuites>