<?xml version="1.0" encoding="utf-8"?><testsuites name="pytest tests"><testsuite name="pytest" errors="0" failures="0" skipped="0" tests="14" time="1.820" timestamp="2026-03-27T09:28:24.908765+00:00" hostname="agent-env-1b4f5c52-c3b3-455e-ba60-771b4abdd9ac"><testcase classname="tests.test_pdf_et_maintenant.TestPDFEtMaintenant" name="test_pdf_generation_without_errors" time="0.231" /><testcase classname="tests.test_pdf_et_maintenant.TestPDFEtMaintenant" name="test_pdf_contains_et_maintenant_section" time="0.042" /><testcase classname="tests.test_pdf_et_maintenant.TestPDFEtMaintenant" name="test_pdf_contains_emotional_closure" time="0.112" /><testcase classname="tests.test_pdf_et_maintenant.TestPDFEtMaintenant" name="test_pdf_contains_strategic_transition" time="0.057" /><testcase classname="tests.test_pdf_et_maintenant.TestPDFEtMaintenant" name="test_pdf_contains_final_offer_box" time="0.099" /><testcase classname="tests.test_pdf_et_maintenant.TestPDFEtMaintenant" name="test_pdf_contains_signature_votre_bouclier" time="0.039" /><testcase classname="tests.test_pdf_et_maintenant.TestPDFEtMaintenant" name="test_old_cta_text_removed" time="0.039" /><testcase classname="tests.test_pdf_et_maintenant.TestPDFEtMaintenant" name="test_pdf_with_document_details" time="0.048" /><testcase classname="tests.test_pdf_et_maintenant.TestPDFEtMaintenant" name="test_pdf_without_document_details" time="0.040" /><testcase classname="tests.test_pdf_et_maintenant.TestPDFEtMaintenant" name="test_llm_et_maintenant_stripped_from_analysis" time="0.000" /><testcase classname="tests.test_pdf_et_maintenant.TestAdminAndAPIs" name="test_admin_login" time="0.426" /><testcase classname="tests.test_pdf_et_maintenant.TestAdminAndAPIs" name="test_conseils_today_api" time="0.123" /><testcase classname="tests.test_pdf_et_maintenant.TestAdminAndAPIs" name="test_admin_dossier_preview_pdf" time="0.520" /><testcase classname="tests.test_pdf_et_maintenant.TestStripPatterns" name="test_strip_patterns_defined" time="0.000" /></testsuite></testsuites>