<?xml version="1.0" encoding="utf-8"?><testsuites name="pytest tests"><testsuite name="pytest" errors="0" failures="0" skipped="0" tests="12" time="47.642" timestamp="2026-03-14T06:39:00.576853+00:00" hostname="agent-env-14f85d70-2baf-4b29-8d7c-3441c4308ec4"><testcase classname="backend.tests.test_strategiia_readwall.TestStrategiIAAnalyze" name="test_analyze_without_email" time="15.751" /><testcase classname="backend.tests.test_strategiia_readwall.TestStrategiIAAnalyze" name="test_analyze_with_empty_email" time="14.386" /><testcase classname="backend.tests.test_strategiia_readwall.TestStrategiIAAnalyze" name="test_analyze_with_email" time="15.941" /><testcase classname="backend.tests.test_strategiia_readwall.TestStrategiIAAnalyze" name="test_analyze_requires_situation" time="0.121" /><testcase classname="backend.tests.test_strategiia_readwall.TestStrategiIARegisterEmail" name="test_register_email_success" time="0.152" /><testcase classname="backend.tests.test_strategiia_readwall.TestStrategiIARegisterEmail" name="test_register_email_invalid" time="0.107" /><testcase classname="backend.tests.test_strategiia_readwall.TestStrategiIARegisterEmail" name="test_register_email_empty" time="0.099" /><testcase classname="backend.tests.test_strategiia_readwall.TestStrategiIAQuota" name="test_quota_check" time="0.101" /><testcase classname="backend.tests.test_strategiia_readwall.TestDossierExpressEndpoints" name="test_dossier_express_checkout" time="0.583" /><testcase classname="backend.tests.test_strategiia_readwall.TestNavigationEndpoints" name="test_health_endpoint" time="0.099" /><testcase classname="backend.tests.test_strategiia_readwall.TestNavigationEndpoints" name="test_visitors_count" time="0.133" /><testcase classname="backend.tests.test_strategiia_readwall.TestNavigationEndpoints" name="test_visitors_increment" time="0.105" /></testsuite></testsuites>