<?xml version="1.0" encoding="utf-8"?><testsuites name="pytest tests"><testsuite name="pytest" errors="0" failures="0" skipped="0" tests="10" time="45.829" timestamp="2026-03-26T14:08:59.120071+00:00" hostname="agent-env-1b4f5c52-c3b3-455e-ba60-771b4abdd9ac"><testcase classname="tests.test_premium_workflow.TestEventLoopFix" name="test_admin_bypass_returns_immediately" time="0.669" /><testcase classname="tests.test_premium_workflow.TestEventLoopFix" name="test_health_check_during_llm_processing" time="0.265" /><testcase classname="tests.test_premium_workflow.TestEventLoopFix" name="test_status_polling_returns_done_after_llm_completes" time="41.391" /><testcase classname="tests.test_premium_workflow.TestAdminPremiumWorkflow" name="test_get_premium_analyses_stats" time="0.116" /><testcase classname="tests.test_premium_workflow.TestAdminPremiumWorkflow" name="test_patch_premium_analysis_status_transitions" time="1.049" /><testcase classname="tests.test_premium_workflow.TestAdminPremiumWorkflow" name="test_patch_premium_analysis_with_reviewed_analysis" time="0.385" /><testcase classname="tests.test_premium_workflow.TestSendReviewed" name="test_send_reviewed_document" time="0.995" /><testcase classname="tests.test_premium_workflow.TestSendReviewed" name="test_send_reviewed_without_content_fails" time="0.594" /><testcase classname="tests.test_premium_workflow.TestPdfMarker" name="test_generate_pdf_with_relecture_expert" time="0.155" /><testcase classname="tests.test_premium_workflow.TestPdfMarker" name="test_generate_pdf_without_relecture_expert" time="0.169" /></testsuite></testsuites>