<?xml version="1.0" encoding="utf-8"?><testsuites name="pytest tests"><testsuite name="pytest" errors="0" failures="0" skipped="0" tests="5" time="1.006" timestamp="2026-03-15T12:34:51.690534+00:00" hostname="agent-env-ba9b0055-b25d-4ae2-ac9a-5600d5ab1c2e"><testcase classname="tests.test_document_scanner.TestOCREndpoints" name="test_extract_fields_ai_endpoint_exists" time="0.139" /><testcase classname="tests.test_document_scanner.TestOCREndpoints" name="test_extract_fields_with_use_ai_true" time="0.104" /><testcase classname="tests.test_document_scanner.TestOCREndpoints" name="test_extract_fields_without_ai" time="0.105" /><testcase classname="tests.test_document_scanner.TestOCREndpoints" name="test_extract_fields_ai_with_detailed_text" time="0.135" /><testcase classname="tests.test_document_scanner.TestClientDocumentsWithOCR" name="test_client_documents_endpoint_exists" time="0.499" /></testsuite></testsuites>