<?xml version="1.0" encoding="utf-8"?><testsuites name="pytest tests"><testsuite name="pytest" errors="0" failures="0" skipped="0" tests="14" time="5.666" timestamp="2026-03-27T11:42:10.708946+00:00" hostname="agent-env-1b4f5c52-c3b3-455e-ba60-771b4abdd9ac"><testcase classname="tests.test_chunked_upload.TestChunkedUploadEndpoint" name="test_upload_single_chunk" time="0.247" /><testcase classname="tests.test_chunked_upload.TestChunkedUploadEndpoint" name="test_upload_multiple_chunks" time="0.319" /><testcase classname="tests.test_chunked_upload.TestChunkedUploadEndpoint" name="test_reject_too_many_chunks" time="0.110" /><testcase classname="tests.test_chunked_upload.TestChunkedUploadEndpoint" name="test_chunk_size_limit" time="0.206" /><testcase classname="tests.test_chunked_upload.TestExtractChunkedEndpoint" name="test_extract_reassembles_chunks" time="0.418" /><testcase classname="tests.test_chunked_upload.TestExtractChunkedEndpoint" name="test_extract_mixed_files" time="0.203" /><testcase classname="tests.test_chunked_upload.TestExtractChunkedEndpoint" name="test_extract_cleans_up_temp_directory" time="0.383" /><testcase classname="tests.test_chunked_upload.TestExtractChunkedEndpoint" name="test_extract_rejects_missing_upload_id" time="0.100" /><testcase classname="tests.test_chunked_upload.TestExtractChunkedEndpoint" name="test_extract_rejects_nonexistent_upload" time="0.109" /><testcase classname="tests.test_chunked_upload.TestFileSizeLimits" name="test_extract_rejects_oversized_reassembled_file" time="0.098" /><testcase classname="tests.test_chunked_upload.TestLegacyBase64Endpoint" name="test_extract_document_text_works" time="0.116" /><testcase classname="tests.test_chunked_upload.TestLegacyBase64Endpoint" name="test_extract_document_text_with_pdf" time="2.860" /><testcase classname="tests.test_chunked_upload.TestAdminLogin" name="test_admin_login" time="0.346" /><testcase classname="tests.test_chunked_upload.TestHealthCheck" name="test_api_health" time="0.111" /></testsuite></testsuites>