<?xml version="1.0" encoding="utf-8"?><testsuites name="pytest tests"><testsuite name="pytest" errors="0" failures="0" skipped="0" tests="16" time="5.827" timestamp="2026-03-23T07:49:48.749496+00:00" hostname="agent-env-1b4f5c52-c3b3-455e-ba60-771b4abdd9ac"><testcase classname="tests.test_conseils_strate_analytics.TestConseilsTodayEndpoint" name="test_today_conseil_has_id_field" time="0.256" /><testcase classname="tests.test_conseils_strate_analytics.TestTrackingEndpoints" name="test_track_view_returns_ok" time="0.237" /><testcase classname="tests.test_conseils_strate_analytics.TestTrackingEndpoints" name="test_track_view_without_id_returns_ok_false" time="0.093" /><testcase classname="tests.test_conseils_strate_analytics.TestTrackingEndpoints" name="test_track_click_with_conseil_id_returns_ok" time="0.227" /><testcase classname="tests.test_conseils_strate_analytics.TestTrackingEndpoints" name="test_track_click_with_text_fallback_returns_ok" time="0.225" /><testcase classname="tests.test_conseils_strate_analytics.TestTrackingEndpoints" name="test_track_conversion_returns_ok" time="0.206" /><testcase classname="tests.test_conseils_strate_analytics.TestTrackingEndpoints" name="test_track_conversion_without_id_returns_ok_false" time="0.092" /><testcase classname="tests.test_conseils_strate_analytics.TestAdminStatsEndpoint" name="test_admin_stats_has_all_fields" time="0.430" /><testcase classname="tests.test_conseils_strate_analytics.TestAdminAnalyticsEndpoint" name="test_analytics_default_7d_all" time="0.415" /><testcase classname="tests.test_conseils_strate_analytics.TestAdminAnalyticsEndpoint" name="test_analytics_7d_period_has_7_entries" time="0.478" /><testcase classname="tests.test_conseils_strate_analytics.TestAdminAnalyticsEndpoint" name="test_analytics_30d_period_has_30_entries" time="0.412" /><testcase classname="tests.test_conseils_strate_analytics.TestAdminAnalyticsEndpoint" name="test_analytics_category_filter" time="0.416" /><testcase classname="tests.test_conseils_strate_analytics.TestAdminAnalyticsAuth" name="test_analytics_requires_auth" time="0.100" /><testcase classname="tests.test_conseils_strate_analytics.TestTrackingIncrementsDailyStats" name="test_view_increments_global_views" time="0.703" /><testcase classname="tests.test_conseils_strate_analytics.TestTrackingIncrementsDailyStats" name="test_click_increments_global_clicks" time="0.745" /><testcase classname="tests.test_conseils_strate_analytics.TestTrackingIncrementsDailyStats" name="test_conversion_increments_global_conversions" time="0.744" /></testsuite></testsuites>