<?xml version="1.0" encoding="utf-8"?><testsuites name="pytest tests"><testsuite name="pytest" errors="0" failures="0" skipped="0" tests="9" time="1.298" timestamp="2026-03-13T06:15:31.863985+00:00" hostname="agent-env-9453e384-9c46-43fd-98e1-9637a205df35"><testcase classname="backend.tests.test_simulator.TestSimulatorEndpoint" name="test_simulator_result_with_email_at_scenario" time="0.216" /><testcase classname="backend.tests.test_simulator.TestSimulatorEndpoint" name="test_simulator_result_with_email_mp_scenario" time="0.093" /><testcase classname="backend.tests.test_simulator.TestSimulatorEndpoint" name="test_simulator_result_with_email_mdph_scenario" time="0.133" /><testcase classname="backend.tests.test_simulator.TestSimulatorEndpoint" name="test_simulator_result_expertise_scenario" time="0.112" /><testcase classname="backend.tests.test_simulator.TestSimulatorEndpoint" name="test_simulator_result_assurance_scenario" time="0.099" /><testcase classname="backend.tests.test_simulator.TestSimulatorEndpoint" name="test_simulator_result_without_email" time="0.179" /><testcase classname="backend.tests.test_simulator.TestSimulatorEndpoint" name="test_simulator_result_minimal_payload" time="0.145" /><testcase classname="backend.tests.test_simulator.TestSimulatorEndpoint" name="test_simulator_result_all_fields_populated" time="0.157" /><testcase classname="backend.tests.test_simulator.TestHealthEndpoint" name="test_health_endpoint" time="0.100" /></testsuite></testsuites>