<?xml version="1.0" encoding="utf-8"?><testsuites name="pytest tests"><testsuite name="pytest" errors="0" failures="0" skipped="0" tests="21" time="3.823" timestamp="2026-03-27T10:04:45.404064+00:00" hostname="agent-env-1b4f5c52-c3b3-455e-ba60-771b4abdd9ac"><testcase classname="tests.test_tracking_conversion_analytics.TestTrackingContactVisit" name="test_track_contact_visit_with_via_and_source" time="0.215" /><testcase classname="tests.test_tracking_conversion_analytics.TestTrackingContactVisit" name="test_track_contact_visit_with_email_source" time="0.130" /><testcase classname="tests.test_tracking_conversion_analytics.TestTrackingContactVisit" name="test_track_contact_visit_with_pdf_link" time="0.135" /><testcase classname="tests.test_tracking_conversion_analytics.TestTrackingContactVisit" name="test_track_contact_visit_with_campaign" time="0.141" /><testcase classname="tests.test_tracking_conversion_analytics.TestTrackingContactVisit" name="test_track_contact_visit_empty_via_source_returns_ok_no_entry" time="0.124" /><testcase classname="tests.test_tracking_conversion_analytics.TestTrackingContactVisit" name="test_track_contact_visit_missing_params_returns_ok" time="0.120" /><testcase classname="tests.test_tracking_conversion_analytics.TestContactFormWithTracking" name="test_contact_form_with_tracking_fields" time="0.121" /><testcase classname="tests.test_tracking_conversion_analytics.TestContactFormWithTracking" name="test_contact_form_without_tracking_fields" time="0.128" /><testcase classname="tests.test_tracking_conversion_analytics.TestConversionAnalyticsEndpoint" name="test_conversion_analytics_requires_auth" time="0.121" /><testcase classname="tests.test_tracking_conversion_analytics.TestConversionAnalyticsEndpoint" name="test_conversion_analytics_with_invalid_token" time="0.150" /><testcase classname="tests.test_tracking_conversion_analytics.TestConversionAnalyticsEndpoint" name="test_conversion_analytics_with_admin_auth_30d" time="0.491" /><testcase classname="tests.test_tracking_conversion_analytics.TestConversionAnalyticsEndpoint" name="test_conversion_analytics_with_admin_auth_7d" time="0.122" /><testcase classname="tests.test_tracking_conversion_analytics.TestConversionAnalyticsEndpoint" name="test_conversion_analytics_default_period" time="0.135" /><testcase classname="tests.test_tracking_conversion_analytics.TestConversionAnalyticsEndpoint" name="test_conversion_analytics_channel_structure" time="0.134" /><testcase classname="tests.test_tracking_conversion_analytics.TestConversionAnalyticsEndpoint" name="test_conversion_analytics_timeseries_structure" time="0.123" /><testcase classname="tests.test_tracking_conversion_analytics.TestTrackingStatsEndpoint" name="test_tracking_stats_endpoint" time="0.122" /><testcase classname="tests.test_tracking_conversion_analytics.TestAdminLoginAndBasicEndpoints" name="test_admin_login" time="0.340" /><testcase classname="tests.test_tracking_conversion_analytics.TestAdminLoginAndBasicEndpoints" name="test_homepage_api" time="0.116" /><testcase classname="tests.test_tracking_conversion_analytics.TestCreateTrackingDataForAnalytics" name="test_create_multiple_tracking_visits" time="0.519" /><testcase classname="tests.test_tracking_conversion_analytics.TestCreateTrackingDataForAnalytics" name="test_create_contact_with_tracking_for_conversion" time="0.159" /><testcase classname="tests.test_tracking_conversion_analytics.TestCreateTrackingDataForAnalytics" name="test_verify_analytics_after_data_creation" time="0.128" /></testsuite></testsuites>