<?xml version="1.0" encoding="utf-8"?><testsuites name="pytest tests"><testsuite name="pytest" errors="0" failures="0" skipped="0" tests="8" time="1.484" timestamp="2026-03-25T23:39:25.401140+00:00" hostname="agent-env-1b4f5c52-c3b3-455e-ba60-771b4abdd9ac"><testcase classname="tests.test_pdf_footer_fix.TestStrategiIAPDFGeneration" name="test_strategiia_pdf_endpoint_returns_pdf" time="0.484" /><testcase classname="tests.test_pdf_footer_fix.TestStrategiIAPDFGeneration" name="test_strategiia_pdf_contains_correct_domain" time="0.115" /><testcase classname="tests.test_pdf_footer_fix.TestStrategiIAPDFGeneration" name="test_strategiia_pdf_no_preview_urls" time="0.196" /><testcase classname="tests.test_pdf_footer_fix.TestStrategiIAPDFGeneration" name="test_strategiia_pdf_strips_urls_from_analysis" time="0.115" /><testcase classname="tests.test_pdf_footer_fix.TestStrategiIAPDFGeneration" name="test_strategiia_pdf_with_premium_flag" time="0.185" /><testcase classname="tests.test_pdf_footer_fix.TestSimulatorResultAPI" name="test_simulator_result_submission" time="0.104" /><testcase classname="tests.test_pdf_footer_fix.TestPDFUtilsCleanAnalysis" name="test_pdf_cleans_raw_urls" time="0.123" /><testcase classname="tests.test_pdf_footer_fix.TestPDFUtilsCleanAnalysis" name="test_pdf_footer_has_correct_copyright" time="0.113" /></testsuite></testsuites>