<?xml version="1.0" encoding="utf-8"?><testsuites name="pytest tests"><testsuite name="pytest" errors="0" failures="0" skipped="0" tests="16" time="7.734" timestamp="2026-03-26T16:15:58.858315+00:00" hostname="agent-env-1b4f5c52-c3b3-455e-ba60-771b4abdd9ac"><testcase classname="tests.test_admin_premium_review.TestAdminAuth" name="test_admin_login_success" time="0.483" /><testcase classname="tests.test_admin_premium_review.TestAdminAuth" name="test_admin_login_invalid_credentials" time="0.158" /><testcase classname="tests.test_admin_premium_review.TestAdminPremiumAnalyses" name="test_get_premium_analyses_list" time="2.531" /><testcase classname="tests.test_admin_premium_review.TestAdminPremiumAnalyses" name="test_premium_analyses_have_type_field" time="0.321" /><testcase classname="tests.test_admin_premium_review.TestAdminPremiumAnalyses" name="test_filter_strategiia_items" time="0.105" /><testcase classname="tests.test_admin_premium_review.TestAdminPremiumAnalyses" name="test_filter_dossier_express_items" time="0.137" /><testcase classname="tests.test_admin_premium_review.TestPremiumAnalysisFullContent" name="test_full_content_endpoint_exists" time="0.244" /><testcase classname="tests.test_admin_premium_review.TestPremiumAnalysisFullContent" name="test_full_content_returns_source_data" time="0.243" /><testcase classname="tests.test_admin_premium_review.TestPremiumAnalysisFullContent" name="test_full_content_404_for_invalid_id" time="0.260" /><testcase classname="tests.test_admin_premium_review.TestPremiumAnalysisStatusChanges" name="test_patch_status_to_en_cours" time="0.252" /><testcase classname="tests.test_admin_premium_review.TestPremiumAnalysisStatusChanges" name="test_patch_status_to_valide_with_reviewed_analysis" time="0.245" /><testcase classname="tests.test_admin_premium_review.TestPremiumAnalysisStatusChanges" name="test_patch_invalid_status_rejected" time="0.257" /><testcase classname="tests.test_admin_premium_review.TestSendReviewedDocument" name="test_send_reviewed_endpoint_exists" time="0.829" /><testcase classname="tests.test_admin_premium_review.TestSendReviewedDocument" name="test_send_reviewed_requires_analysis_text" time="0.235" /><testcase classname="tests.test_admin_premium_review.TestDossierExpressAdmin" name="test_dossier_express_admin_endpoint" time="0.135" /><testcase classname="tests.test_admin_premium_review.TestDossierExpressProgressStep" name="test_dossier_status_has_progress_step" time="1.257" /></testsuite></testsuites>