<?xml version="1.0" encoding="utf-8"?><testsuites name="pytest tests"><testsuite name="pytest" errors="0" failures="1" skipped="0" tests="10" time="2.683" timestamp="2026-03-27T17:59:02.151073+00:00" hostname="agent-env-1b4f5c52-c3b3-455e-ba60-771b4abdd9ac"><testcase classname="tests.test_pdf_guides_premium.TestPDFGuideGeneration" name="test_health_check" time="0.153" /><testcase classname="tests.test_pdf_guides_premium.TestPDFGuideGeneration" name="test_pdf_guide_generation[guide_mp]" time="0.541" /><testcase classname="tests.test_pdf_guides_premium.TestPDFGuideGeneration" name="test_pdf_guide_generation[guide_expertise]" time="0.250" /><testcase classname="tests.test_pdf_guides_premium.TestPDFGuideGeneration" name="test_pdf_guide_generation[guide_mdph]" time="0.340" /><testcase classname="tests.test_pdf_guides_premium.TestPDFGuideGeneration" name="test_pdf_guide_generation[guide_recours]" time="0.222" /><testcase classname="tests.test_pdf_guides_premium.TestPDFGuideGeneration" name="test_pdf_guide_generation[guide_ipp]" time="0.223" /><testcase classname="tests.test_pdf_guides_premium.TestPDFGuideGeneration" name="test_pdf_guide_generation[guide_assurance]" time="0.226" /><testcase classname="tests.test_pdf_guides_premium.TestPDFGuideGeneration" name="test_invalid_guide_returns_404" time="0.116" /><testcase classname="tests.test_pdf_guides_premium.TestDossierExpressPDF" name="test_dossier_express_endpoint_exists" time="0.146"><failure message="AssertionError: Dossier Express endpoint not found&#10;assert 404 != 404&#10; +  where 404 = &lt;Response [404]&gt;.status_code">backend/tests/test_pdf_guides_premium.py:83: in test_dossier_express_endpoint_exists
    assert response.status_code != 404, "Dossier Express endpoint not found"
E   AssertionError: Dossier Express endpoint not found
E   assert 404 != 404
E    +  where 404 = &lt;Response [404]&gt;.status_code</failure></testcase><testcase classname="tests.test_pdf_guides_premium.TestAdminAccess" name="test_admin_login" time="0.360" /></testsuite></testsuites>