<?xml version="1.0" encoding="utf-8"?><testsuites name="pytest tests"><testsuite name="pytest" errors="0" failures="0" skipped="0" tests="19" time="2.845" timestamp="2026-03-15T11:50:15.084676+00:00" hostname="agent-env-ba9b0055-b25d-4ae2-ac9a-5600d5ab1c2e"><testcase classname="tests.test_push_storage_features.TestVapidKey" name="test_get_vapid_key_success" time="0.263" /><testcase classname="tests.test_push_storage_features.TestPushSubscribe" name="test_push_subscribe_success" time="0.357" /><testcase classname="tests.test_push_storage_features.TestPushSubscribe" name="test_push_subscribe_invalid_subscription" time="0.048" /><testcase classname="tests.test_push_storage_features.TestPushSubscribe" name="test_push_subscribe_requires_auth" time="0.046" /><testcase classname="tests.test_push_storage_features.TestPushUnsubscribe" name="test_push_unsubscribe_success" time="0.092" /><testcase classname="tests.test_push_storage_features.TestPushUnsubscribe" name="test_push_unsubscribe_requires_auth" time="0.047" /><testcase classname="tests.test_push_storage_features.TestPushTestNotification" name="test_push_test_requires_auth" time="0.047" /><testcase classname="tests.test_push_storage_features.TestPushTestNotification" name="test_push_test_success" time="0.053" /><testcase classname="tests.test_push_storage_features.TestStorageStatus" name="test_storage_status_available" time="0.047" /><testcase classname="tests.test_push_storage_features.TestDocumentUpload" name="test_document_upload_success" time="0.221" /><testcase classname="tests.test_push_storage_features.TestDocumentUpload" name="test_document_upload_requires_auth" time="0.053" /><testcase classname="tests.test_push_storage_features.TestDocumentDownload" name="test_document_download_success" time="0.405" /><testcase classname="tests.test_push_storage_features.TestDocumentDownload" name="test_document_download_not_found" time="0.052" /><testcase classname="tests.test_push_storage_features.TestDocumentDownload" name="test_document_download_requires_auth" time="0.043" /><testcase classname="tests.test_push_storage_features.TestNotificationSettings" name="test_get_notification_settings" time="0.045" /><testcase classname="tests.test_push_storage_features.TestNotificationSettings" name="test_update_notification_settings" time="0.148" /><testcase classname="tests.test_push_storage_features.TestNotificationSettings" name="test_notification_settings_requires_auth" time="0.087" /><testcase classname="tests.test_push_storage_features.TestPushStorageIntegration" name="test_full_push_flow" time="0.208" /><testcase classname="tests.test_push_storage_features.TestPushStorageIntegration" name="test_full_document_storage_flow" time="0.493" /></testsuite></testsuites>