<?xml version="1.0" encoding="utf-8"?><testsuites name="pytest tests"><testsuite name="pytest" errors="0" failures="0" skipped="0" tests="8" time="54.552" timestamp="2026-03-13T10:48:21.708518+00:00" hostname="agent-env-9e2ce33d-8664-40da-83dc-a07f44edb75b"><testcase classname="backend.tests.test_quota_features.TestStrategiIAQuota" name="test_strategiia_quota_new_email_returns_3_remaining" time="0.241" /><testcase classname="backend.tests.test_quota_features.TestStrategiIAQuota" name="test_strategiia_analyze_requires_email" time="0.115" /><testcase classname="backend.tests.test_quota_features.TestStrategiIAQuota" name="test_strategiia_analyze_with_email_field" time="14.076" /><testcase classname="backend.tests.test_quota_features.TestChatbotQuota" name="test_chatbot_quota_new_session_returns_5_remaining" time="0.177" /><testcase classname="backend.tests.test_quota_features.TestChatbotQuota" name="test_chatbot_message_returns_session_id" time="4.958" /><testcase classname="backend.tests.test_quota_features.TestChatbotQuota" name="test_chatbot_6th_message_blocked" time="25.366" /><testcase classname="backend.tests.test_quota_features.TestChatbotQuota" name="test_chatbot_quota_after_messages" time="9.446" /><testcase classname="backend.tests.test_quota_features.TestHealthEndpoint" name="test_health_endpoint" time="0.108" /></testsuite></testsuites>