<?xml version="1.0" encoding="utf-8"?><testsuites name="pytest tests"><testsuite name="pytest" errors="0" failures="0" skipped="0" tests="11" time="6.028" timestamp="2026-03-16T19:26:12.278805+00:00" hostname="agent-env-b248fd9e-246e-45a0-a9c1-5a6aa6777ac4"><testcase classname="tests.test_email_templates.TestEmailTemplates" name="test_seed_default_templates" time="0.568" /><testcase classname="tests.test_email_templates.TestEmailTemplates" name="test_list_email_templates" time="0.469" /><testcase classname="tests.test_email_templates.TestEmailTemplates" name="test_list_templates_has_defaults" time="0.498" /><testcase classname="tests.test_email_templates.TestEmailTemplates" name="test_create_new_template" time="0.538" /><testcase classname="tests.test_email_templates.TestEmailTemplates" name="test_update_template" time="0.873" /><testcase classname="tests.test_email_templates.TestEmailTemplates" name="test_duplicate_template" time="0.606" /><testcase classname="tests.test_email_templates.TestEmailTemplates" name="test_delete_template" time="0.535" /><testcase classname="tests.test_email_templates.TestEmailTemplates" name="test_preview_template" time="0.470" /><testcase classname="tests.test_email_templates.TestEmailTemplates" name="test_update_nonexistent_template" time="0.467" /><testcase classname="tests.test_email_templates.TestEmailTemplates" name="test_delete_nonexistent_template" time="0.480" /><testcase classname="tests.test_email_templates.TestEmailTemplates" name="test_duplicate_nonexistent_template" time="0.438" /></testsuite></testsuites>