<?xml version="1.0" encoding="utf-8"?><testsuites name="pytest tests"><testsuite name="pytest" errors="0" failures="2" skipped="1" tests="14" time="249.562" timestamp="2026-03-26T11:13:23.916982+00:00" hostname="agent-env-1b4f5c52-c3b3-455e-ba60-771b4abdd9ac"><testcase classname="tests.test_admin_bypass.TestAdminAuthentication" name="test_admin_login_success" time="0.457" /><testcase classname="tests.test_admin_bypass.TestAdminAuthentication" name="test_admin_login_invalid_credentials" time="0.111" /><testcase classname="tests.test_admin_bypass.TestStrategiIAAdminBypass" name="test_register_email_with_admin_test_flag" time="0.449" /><testcase classname="tests.test_admin_bypass.TestStrategiIAAdminBypass" name="test_register_email_without_admin_token" time="0.138" /><testcase classname="tests.test_admin_bypass.TestStrategiIAAdminBypass" name="test_admin_bypass_premium_with_token" time="1.500" /><testcase classname="tests.test_admin_bypass.TestStrategiIAAdminBypass" name="test_admin_bypass_premium_without_token" time="0.100" /><testcase classname="tests.test_admin_bypass.TestStrategiIAAdminBypass" name="test_admin_bypass_premium_with_invalid_token" time="0.096" /><testcase classname="tests.test_admin_bypass.TestDossierExpressAdminBypass" name="test_dossier_express_admin_bypass_with_token" time="0.442" /><testcase classname="tests.test_admin_bypass.TestDossierExpressAdminBypass" name="test_dossier_express_admin_bypass_without_token" time="60.105"><failure message="AssertionError: Expected 401 or 403 without admin token, got 502&#10;assert 502 in [401, 403]&#10; +  where 502 = &lt;Response [502]&gt;.status_code">backend/tests/test_admin_bypass.py:179: in test_dossier_express_admin_bypass_without_token
    assert response.status_code in [401, 403], \
E   AssertionError: Expected 401 or 403 without admin token, got 502
E   assert 502 in [401, 403]
E    +  where 502 = &lt;Response [502]&gt;.status_code</failure></testcase><testcase classname="tests.test_admin_bypass.TestDossierExpressAdminBypass" name="test_dossier_express_admin_bypass_with_invalid_token" time="60.231"><failure message="AssertionError: Expected 401 with invalid token, got 502&#10;assert 502 == 401&#10; +  where 502 = &lt;Response [502]&gt;.status_code">backend/tests/test_admin_bypass.py:195: in test_dossier_express_admin_bypass_with_invalid_token
    assert response.status_code == 401, \
E   AssertionError: Expected 401 with invalid token, got 502
E   assert 502 == 401
E    +  where 502 = &lt;Response [502]&gt;.status_code</failure></testcase><testcase classname="tests.test_admin_bypass.TestDossierExpressAdminBypass" name="test_dossier_express_status_polling" time="60.215"><skipped type="pytest.skip" message="Admin login failed - skipping authenticated tests">/app/backend/tests/test_admin_bypass.py:199: Admin login failed - skipping authenticated tests</skipped></testcase><testcase classname="tests.test_admin_bypass.TestNormalUserBehavior" name="test_register_email_normal_quota" time="23.047" /><testcase classname="tests.test_admin_bypass.TestNormalUserBehavior" name="test_strategiia_analyze_normal_flow" time="16.034" /><testcase classname="tests.test_admin_bypass.TestStrategiIAStatusPolling" name="test_strategiia_status_polling" time="26.510" /></testsuite></testsuites>