<?xml version="1.0" encoding="utf-8"?><testsuites name="pytest tests"><testsuite name="pytest" errors="0" failures="0" skipped="0" tests="7" time="2.500" timestamp="2026-03-15T07:16:19.426767+00:00" hostname="agent-env-050c733b-0a1c-46d9-8daa-96b188bc072b"><testcase classname="backend.tests.test_analyse_premium.TestAnalysePremium" name="test_dossier_express_checkout_with_analyse_premium" time="0.693" /><testcase classname="backend.tests.test_analyse_premium.TestAnalysePremium" name="test_dossier_express_checkout_both_options" time="0.455" /><testcase classname="backend.tests.test_analyse_premium.TestAnalysePremium" name="test_admin_premium_analyses_returns_stats" time="0.423" /><testcase classname="backend.tests.test_analyse_premium.TestAnalysePremium" name="test_admin_premium_analyses_patch_invalid_id_returns_404" time="0.139" /><testcase classname="backend.tests.test_analyse_premium.TestAnalysePremium" name="test_admin_premium_analyses_patch_invalid_status" time="0.110" /><testcase classname="backend.tests.test_analyse_premium.TestAnalysePremium" name="test_admin_premium_analyses_requires_auth" time="0.136" /><testcase classname="backend.tests.test_analyse_premium.TestStrategiIACheckout" name="test_strategiia_checkout_with_analyse_premium" time="0.488" /></testsuite></testsuites>