<?xml version="1.0" encoding="utf-8"?><testsuites name="pytest tests"><testsuite name="pytest" errors="0" failures="1" skipped="0" tests="12" time="153.089" timestamp="2026-03-13T06:51:51.818899+00:00" hostname="agent-env-9453e384-9c46-43fd-98e1-9637a205df35"><testcase classname="backend.tests.test_strategiia.TestStrategiiaAnalyze" name="test_analyze_basic_success" time="17.073" /><testcase classname="backend.tests.test_strategiia.TestStrategiiaAnalyze" name="test_analyze_missing_type_dossier" time="15.368" /><testcase classname="backend.tests.test_strategiia.TestStrategiiaAnalyze" name="test_analyze_empty_situation" time="0.154" /><testcase classname="backend.tests.test_strategiia.TestStrategiiaAnalyze" name="test_analyze_premium_flag" time="60.103"><failure message="AssertionError: Expected 200, got 502: The preview environment is not responding. It may be starting up.&#10;  &#10;assert 502 == 200&#10; +  where 502 = &lt;Response [502]&gt;.status_code">backend/tests/test_strategiia.py:85: in test_analyze_premium_flag
    assert response.status_code == 200, f"Expected 200, got {response.status_code}: {response.text}"
E   AssertionError: Expected 200, got 502: The preview environment is not responding. It may be starting up.
E     
E   assert 502 == 200
E    +  where 502 = &lt;Response [502]&gt;.status_code</failure></testcase><testcase classname="backend.tests.test_strategiia.TestStrategiiaCheckout" name="test_checkout_creates_stripe_session" time="58.713" /><testcase classname="backend.tests.test_strategiia.TestStrategiiaCheckout" name="test_checkout_missing_origin_url" time="0.355" /><testcase classname="backend.tests.test_strategiia.TestAdminCasAnonymises" name="test_get_cas_anonymises_list" time="0.466" /><testcase classname="backend.tests.test_strategiia.TestAdminCasAnonymises" name="test_create_cas_anonymise" time="0.104" /><testcase classname="backend.tests.test_strategiia.TestAdminCasAnonymises" name="test_create_and_delete_cas_anonymise" time="0.326" /><testcase classname="backend.tests.test_strategiia.TestAdminStrategiiaStats" name="test_get_strategiia_stats" time="0.132" /><testcase classname="backend.tests.test_strategiia.TestStrategiiaUnauthorized" name="test_cas_anonymises_requires_auth" time="0.105" /><testcase classname="backend.tests.test_strategiia.TestStrategiiaUnauthorized" name="test_strategiia_stats_requires_auth" time="0.102" /></testsuite></testsuites>