<?xml version="1.0" encoding="utf-8"?><testsuites name="pytest tests"><testsuite name="pytest" errors="0" failures="0" skipped="2" tests="21" time="11.868" timestamp="2026-03-17T11:53:39.180866+00:00" hostname="agent-env-c7b2b40c-fd2d-4c3f-a3d4-16af45cbd1d1"><testcase classname="tests.test_security_overhaul.TestJWTSecretFromEnv" name="test_server_running_with_jwt_secret" time="0.153" /><testcase classname="tests.test_security_overhaul.TestJWTSecretFromEnv" name="test_admin_login_produces_valid_token" time="0.353" /><testcase classname="tests.test_security_overhaul.TestJWTSecretFromEnv" name="test_token_validates_for_protected_endpoint" time="0.454" /><testcase classname="tests.test_security_overhaul.TestPaymentGateForDossierExpress" name="test_submit_with_fake_session_id_returns_402" time="0.414" /><testcase classname="tests.test_security_overhaul.TestPaymentGateForDossierExpress" name="test_submit_without_session_id_returns_402" time="0.101" /><testcase classname="tests.test_security_overhaul.TestPaymentGateForDossierExpress" name="test_submit_with_empty_session_id_returns_402" time="0.105" /><testcase classname="tests.test_security_overhaul.TestRateLimitingOnAuth" name="test_login_rate_limit_configured" time="0.876" /><testcase classname="tests.test_security_overhaul.TestRateLimitingOnAuth" name="test_register_rate_limit_configured" time="3.379" /><testcase classname="tests.test_security_overhaul.TestSecureFileUploads" name="test_dangerous_mime_type_rejected" time="2.532" /><testcase classname="tests.test_security_overhaul.TestSecureFileUploads" name="test_exe_extension_rejected" time="0.117" /><testcase classname="tests.test_security_overhaul.TestSecureFileUploads" name="test_oversized_file_rejected" time="0.103" /><testcase classname="tests.test_security_overhaul.TestSecureFileUploads" name="test_valid_pdf_accepted" time="0.289" /><testcase classname="tests.test_security_overhaul.TestSecureFileUploads" name="test_mz_header_detected_as_dangerous" time="0.102" /><testcase classname="tests.test_security_overhaul.TestCORSPolicy" name="test_cors_returns_specific_origin_not_wildcard" time="0.002" /><testcase classname="tests.test_security_overhaul.TestDocumentOwnershipVerification" name="test_download_with_wrong_user_returns_404" time="2.322"><skipped type="pytest.skip" message="Could not create user A: 429">/app/backend/tests/test_security_overhaul.py:453: Could not create user A: 429</skipped></testcase><testcase classname="tests.test_security_overhaul.TestDocumentOwnershipVerification" name="test_download_without_auth_returns_403_or_401" time="0.110" /><testcase classname="tests.test_security_overhaul.TestDocumentOwnershipVerification" name="test_owner_can_download_own_document" time="0.000"><skipped type="pytest.skip" message="Could not create user A: 429">/app/backend/tests/test_security_overhaul.py:478: Could not create user A: 429</skipped></testcase><testcase classname="tests.test_security_overhaul.TestSecurityHeaders" name="test_x_content_type_options_header" time="0.100" /><testcase classname="tests.test_security_overhaul.TestSecurityHeaders" name="test_x_frame_options_header" time="0.099" /><testcase classname="tests.test_security_overhaul.TestSecurityHeaders" name="test_x_xss_protection_header" time="0.112" /><testcase classname="tests.test_security_overhaul.TestStripeWebhook" name="test_stripe_webhook_exists_and_validates" time="0.097" /></testsuite></testsuites>