<?xml version="1.0" encoding="utf-8"?><testsuites name="pytest tests"><testsuite name="pytest" errors="0" failures="0" skipped="0" tests="14" time="2.534" timestamp="2026-03-17T06:35:22.077941+00:00" hostname="agent-env-f2e5e323-cd24-4bfc-a313-ed92d6305e33"><testcase classname="tests.test_dossier_analysis.TestDossierAnalysisEndpoint" name="test_endpoint_exists_and_returns_200" time="0.647" /><testcase classname="tests.test_dossier_analysis.TestDossierAnalysisEndpoint" name="test_response_structure" time="0.160" /><testcase classname="tests.test_dossier_analysis.TestDossierAnalysisEndpoint" name="test_score_is_low_for_new_user" time="0.130" /><testcase classname="tests.test_dossier_analysis.TestDossierAnalysisEndpoint" name="test_dynamic_message_for_low_score" time="0.118" /><testcase classname="tests.test_dossier_analysis.TestDossierAnalysisEndpoint" name="test_score_breakdown_structure" time="0.154" /><testcase classname="tests.test_dossier_analysis.TestDossierAnalysisEndpoint" name="test_weak_points_for_new_user" time="0.107" /><testcase classname="tests.test_dossier_analysis.TestDossierAnalysisEndpoint" name="test_weak_point_severity_badges" time="0.145" /><testcase classname="tests.test_dossier_analysis.TestDossierAnalysisEndpoint" name="test_risk_alerts_for_default_case_type" time="0.108" /><testcase classname="tests.test_dossier_analysis.TestDossierAnalysisEndpoint" name="test_missing_documents_list" time="0.104" /><testcase classname="tests.test_dossier_analysis.TestDossierAnalysisEndpoint" name="test_actionable_count" time="0.101" /><testcase classname="tests.test_dossier_analysis.TestDossierAnalysisEndpoint" name="test_summary_field" time="0.114" /><testcase classname="tests.test_dossier_analysis.TestDossierAnalysisEndpoint" name="test_unauthenticated_request_fails" time="0.108" /><testcase classname="tests.test_dossier_analysis.TestDynamicMessageThresholds" name="test_message_threshold_documentation" time="0.001" /><testcase classname="tests.test_dossier_analysis.TestExistingTestClient" name="test_existing_client_login" time="0.439" /></testsuite></testsuites>