<?xml version="1.0" encoding="utf-8"?><testsuites name="pytest tests"><testsuite name="pytest" errors="0" failures="0" skipped="0" tests="5" time="0.794" timestamp="2026-03-25T22:45:21.474890+00:00" hostname="agent-env-1b4f5c52-c3b3-455e-ba60-771b4abdd9ac"><testcase classname="tests.test_simulator_autre_situation.TestSimulatorAutreSituation" name="test_simulator_result_with_autre_situation" time="0.269" /><testcase classname="tests.test_simulator_autre_situation.TestSimulatorAutreSituation" name="test_simulator_result_autre_situation_empty" time="0.128" /><testcase classname="tests.test_simulator_autre_situation.TestSimulatorAutreSituation" name="test_simulator_result_requires_email" time="0.103" /><testcase classname="tests.test_simulator_autre_situation.TestSimulatorAutreSituation" name="test_simulator_result_autre_situation_long_text" time="0.161" /><testcase classname="tests.test_simulator_autre_situation.TestHealthEndpoint" name="test_health_endpoint" time="0.106" /></testsuite></testsuites>