<?xml version="1.0" encoding="utf-8"?><testsuites name="pytest tests"><testsuite name="pytest" errors="0" failures="0" skipped="0" tests="8" time="1.549" timestamp="2026-03-15T07:31:59.361603+00:00" hostname="agent-env-050c733b-0a1c-46d9-8daa-96b188bc072b"><testcase classname="tests.test_scroll_search_premium.TestHealthCheck" name="test_api_health" time="0.197" /><testcase classname="tests.test_scroll_search_premium.TestAdminAuth" name="test_admin_login_success" time="0.343" /><testcase classname="tests.test_scroll_search_premium.TestAdminAuth" name="test_admin_login_invalid_credentials" time="0.116" /><testcase classname="tests.test_scroll_search_premium.TestPremiumAnalysesEndpoints" name="test_get_premium_analyses_authenticated" time="0.426" /><testcase classname="tests.test_scroll_search_premium.TestPremiumAnalysesEndpoints" name="test_get_premium_analyses_unauthenticated" time="0.108" /><testcase classname="tests.test_scroll_search_premium.TestPremiumAnalysesEndpoints" name="test_patch_premium_analysis_fake_id" time="0.106" /><testcase classname="tests.test_scroll_search_premium.TestPremiumAnalysesEndpoints" name="test_patch_premium_analysis_invalid_status" time="0.099" /><testcase classname="tests.test_scroll_search_premium.TestSearchIndexVerification" name="test_search_api_or_health" time="0.101" /></testsuite></testsuites>