<?xml version="1.0" encoding="utf-8"?><testsuites name="pytest tests"><testsuite name="pytest" errors="0" failures="0" skipped="0" tests="13" time="5.983" timestamp="2026-03-12T14:48:33.289880+00:00" hostname="agent-env-28e0ead0-8160-4cd2-a46b-a217b1c75d6d"><testcase classname="tests.test_phase5_features.TestVisitorCounter" name="test_get_visitor_count" time="0.162" /><testcase classname="tests.test_phase5_features.TestVisitorCounter" name="test_increment_visitor_count" time="0.287" /><testcase classname="tests.test_phase5_features.TestReferralSystem" name="test_create_referral_code" time="0.117" /><testcase classname="tests.test_phase5_features.TestReferralSystem" name="test_create_referral_duplicate_returns_existing" time="0.238" /><testcase classname="tests.test_phase5_features.TestReferralSystem" name="test_validate_referral_code_valid" time="0.291" /><testcase classname="tests.test_phase5_features.TestReferralSystem" name="test_validate_referral_code_invalid" time="0.158" /><testcase classname="tests.test_phase5_features.TestClientDiscount" name="test_new_client_no_discount" time="0.123" /><testcase classname="tests.test_phase5_features.TestClientDiscount" name="test_returning_client_loyalty_discount" time="0.117" /><testcase classname="tests.test_phase5_features.TestCheckoutWithDiscounts" name="test_checkout_no_discount" time="1.014" /><testcase classname="tests.test_phase5_features.TestCheckoutWithDiscounts" name="test_checkout_with_referral_discount" time="0.578" /><testcase classname="tests.test_phase5_features.TestCheckoutWithDiscounts" name="test_checkout_invalid_package" time="0.133" /><testcase classname="tests.test_phase5_features.TestCheckoutWithDiscounts" name="test_checkout_all_packages" time="2.599" /><testcase classname="tests.test_phase5_features.TestPaymentPackages" name="test_get_packages" time="0.113" /></testsuite></testsuites>