<?xml version="1.0" encoding="utf-8"?><testsuites name="pytest tests"><testsuite name="pytest" errors="0" failures="0" skipped="0" tests="15" time="3.353" timestamp="2026-03-12T15:08:32.868146+00:00" hostname="agent-env-28e0ead0-8160-4cd2-a46b-a217b1c75d6d"><testcase classname="backend.tests.test_phase6_urgent_referrals.TestHealthAndPackages" name="test_health_check" time="0.276" /><testcase classname="backend.tests.test_phase6_urgent_referrals.TestHealthAndPackages" name="test_all_packages_registered" time="0.060" /><testcase classname="backend.tests.test_phase6_urgent_referrals.TestUrgentPackages" name="test_urgent_analyse_dossier_registered" time="0.070" /><testcase classname="backend.tests.test_phase6_urgent_referrals.TestUrgentPackages" name="test_urgent_preparation_expertise_registered" time="0.065" /><testcase classname="backend.tests.test_phase6_urgent_referrals.TestUrgentPackages" name="test_urgent_accompagnement_mdph_registered" time="0.060" /><testcase classname="backend.tests.test_phase6_urgent_referrals.TestUrgentPackages" name="test_urgent_accompagnement_complet_registered" time="0.050" /><testcase classname="backend.tests.test_phase6_urgent_referrals.TestUrgentCheckout" name="test_checkout_urgent_analyse_250" time="0.566" /><testcase classname="backend.tests.test_phase6_urgent_referrals.TestUrgentCheckout" name="test_checkout_urgent_preparation_400" time="0.472" /><testcase classname="backend.tests.test_phase6_urgent_referrals.TestUrgentCheckout" name="test_checkout_urgent_mdph_320" time="0.462" /><testcase classname="backend.tests.test_phase6_urgent_referrals.TestUrgentCheckout" name="test_checkout_urgent_complet_750" time="0.501" /><testcase classname="backend.tests.test_phase6_urgent_referrals.TestAdminReferralsDashboard" name="test_admin_referrals_requires_auth" time="0.119" /><testcase classname="backend.tests.test_phase6_urgent_referrals.TestAdminReferralsDashboard" name="test_admin_referrals_returns_data" time="0.398" /><testcase classname="backend.tests.test_phase6_urgent_referrals.TestAdminReferralsDashboard" name="test_admin_referrals_stats_fields" time="0.068" /><testcase classname="backend.tests.test_phase6_urgent_referrals.TestAdminReferralsDashboard" name="test_admin_referrals_codes_list" time="0.073" /><testcase classname="backend.tests.test_phase6_urgent_referrals.TestAdminReferralsDashboard" name="test_admin_referrals_recent_uses_list" time="0.051" /></testsuite></testsuites>