<?xml version="1.0" encoding="utf-8"?><testsuites name="pytest tests"><testsuite name="pytest" errors="0" failures="0" skipped="0" tests="6" time="1.718" timestamp="2026-03-12T19:13:45.576096+00:00" hostname="agent-env-9453e384-9c46-43fd-98e1-9637a205df35"><testcase classname="backend.tests.test_calculator_counter.TestCalculatorCounterAPI" name="test_get_calculator_count" time="0.210" /><testcase classname="backend.tests.test_calculator_counter.TestCalculatorCounterAPI" name="test_track_ipp_calculation" time="0.479" /><testcase classname="backend.tests.test_calculator_counter.TestCalculatorCounterAPI" name="test_track_aah_calculation" time="0.446" /><testcase classname="backend.tests.test_calculator_counter.TestCalculatorCounterAPI" name="test_track_with_empty_type" time="0.105" /><testcase classname="backend.tests.test_calculator_counter.TestHealthAndBasics" name="test_health_endpoint" time="0.149" /><testcase classname="backend.tests.test_calculator_counter.TestHealthAndBasics" name="test_api_root" time="0.277" /></testsuite></testsuites>