<?xml version="1.0" encoding="utf-8"?><testsuites name="pytest tests"><testsuite name="pytest" errors="0" failures="0" skipped="0" tests="10" time="3.232" timestamp="2026-03-12T20:06:58.610224+00:00" hostname="agent-env-9453e384-9c46-43fd-98e1-9637a205df35"><testcase classname="backend.tests.test_alerte_urgente.TestAlerteUrgentePublic" name="test_create_alerte_2h_formule" time="0.141" /><testcase classname="backend.tests.test_alerte_urgente.TestAlerteUrgentePublic" name="test_create_alerte_30min_formule" time="0.120" /><testcase classname="backend.tests.test_alerte_urgente.TestAlerteUrgentePublic" name="test_create_alerte_minimal_fields" time="0.152" /><testcase classname="backend.tests.test_alerte_urgente.TestAlerteUrgentePublic" name="test_create_alerte_missing_nom" time="0.150" /><testcase classname="backend.tests.test_alerte_urgente.TestAlerteUrgentePublic" name="test_create_alerte_missing_telephone" time="0.164" /><testcase classname="backend.tests.test_alerte_urgente.TestAlerteUrgenteAdmin" name="test_get_alertes_list" time="0.498" /><testcase classname="backend.tests.test_alerte_urgente.TestAlerteUrgenteAdmin" name="test_get_alertes_requires_auth" time="0.128" /><testcase classname="backend.tests.test_alerte_urgente.TestAlerteUrgenteAdmin" name="test_mark_alerte_as_treated" time="0.943" /><testcase classname="backend.tests.test_alerte_urgente.TestAlerteUrgenteAdmin" name="test_update_alerte_requires_auth" time="0.160" /><testcase classname="backend.tests.test_alerte_urgente.TestAlertDataIntegrity" name="test_alert_fields_persisted" time="0.712" /></testsuite></testsuites>