<?xml version="1.0" encoding="utf-8"?><testsuites name="pytest tests"><testsuite name="pytest" errors="0" failures="0" skipped="0" tests="8" time="1.523" timestamp="2026-03-15T08:12:30.815843+00:00" hostname="agent-env-050c733b-0a1c-46d9-8daa-96b188bc072b"><testcase classname="backend.tests.test_cas_anonymises.TestCasAnonymises" name="test_create_cas_at_favorable" time="0.626" /><testcase classname="backend.tests.test_cas_anonymises.TestCasAnonymises" name="test_update_cas_defavorable" time="0.112" /><testcase classname="backend.tests.test_cas_anonymises.TestCasAnonymises" name="test_get_cas_list_returns_created_case" time="0.132" /><testcase classname="backend.tests.test_cas_anonymises.TestCasAnonymises" name="test_import_cas_mp_msa" time="0.119" /><testcase classname="backend.tests.test_cas_anonymises.TestCasAnonymises" name="test_get_cas_stats" time="0.136" /><testcase classname="backend.tests.test_cas_anonymises.TestCasAnonymises" name="test_cleanup_delete_created_case" time="0.131" /><testcase classname="backend.tests.test_cas_anonymises.TestCasAnonymises" name="test_cleanup_delete_imported_cases" time="0.200" /><testcase classname="backend.tests.test_cas_anonymises.TestSearchIndexEntries" name="test_search_glossaire_entry" time="0.003" /></testsuite></testsuites>