<?xml version="1.0" encoding="utf-8"?><testsuites name="pytest tests"><testsuite name="pytest" errors="0" failures="0" skipped="0" tests="11" time="3.869" timestamp="2026-03-17T12:43:28.198614+00:00" hostname="agent-env-c7b2b40c-fd2d-4c3f-a3d4-16af45cbd1d1"><testcase classname="tests.test_conversion_tunnel.TestWeeklyCountAPI" name="test_weekly_count_returns_count" time="0.260" /><testcase classname="tests.test_conversion_tunnel.TestWeeklyCountAPI" name="test_weekly_count_includes_base_count" time="0.146" /><testcase classname="tests.test_conversion_tunnel.TestAdminAnalyticsPaymentConfig" name="test_analytics_returns_payment_config" time="0.526" /><testcase classname="tests.test_conversion_tunnel.TestDossierExpressCheckout" name="test_checkout_requires_stripe" time="0.622" /><testcase classname="tests.test_conversion_tunnel.TestDossierExpressCheckout" name="test_checkout_calculates_total_with_options" time="0.526" /><testcase classname="tests.test_conversion_tunnel.TestDossierExpressSubmit" name="test_submit_requires_payment" time="0.420" /><testcase classname="tests.test_conversion_tunnel.TestDossierExpressSubmit" name="test_submit_requires_email_and_situation" time="0.113" /><testcase classname="tests.test_conversion_tunnel.TestDossierExpressStatus" name="test_status_not_found_for_invalid_id" time="0.115" /><testcase classname="tests.test_conversion_tunnel.TestStripeWebhook" name="test_webhook_endpoint_exists" time="0.146" /><testcase classname="tests.test_conversion_tunnel.TestConfigVerification" name="test_stripe_mode_from_api_key_prefix" time="0.533" /><testcase classname="tests.test_conversion_tunnel.TestAdminDossierExpressList" name="test_admin_can_list_dossier_express" time="0.426" /></testsuite></testsuites>